#
# A fatal error has been detected by the Java Runtime Environment:
#
#  SIGSEGV (0xb) at pc=0x00000001176a6146, pid=3340, tid=0x0000000000001a03
#
# JRE version: Java(TM) SE Runtime Environment (8.0_181-b13) (build 1.8.0_181-b13)
# Java VM: Java HotSpot(TM) 64-Bit Server VM (25.181-b13 mixed mode bsd-amd64 compressed oops)
# Problematic frame:
# J 317 C1 java.lang.ClassLoader.checkPackageAccess(Ljava/lang/Class;Ljava/security/ProtectionDomain;)V (122 bytes) @ 0x00000001176a6146 [0x00000001176a5880+0x8c6]
#
# Failed to write core dump. Core dumps have been disabled. To enable core dumping, try "ulimit -c unlimited" before starting Java again
#
# If you would like to submit a bug report, please visit:
#   http://bugreport.java.com/bugreport/crash.jsp
#

---------------  T H R E A D  ---------------

Current thread (0x00007f890a002800):  JavaThread "main" [_thread_in_Java, id=6659, stack(0x000070000d276000,0x000070000d376000)]

siginfo: si_signo: 11 (SIGSEGV), si_code: 1 (SEGV_MAPERR), si_addr: 0x0000000000000020

Registers:
RAX=0x0000000000000118, RBX=0x0000000115918480, RCX=0x000000076e5ad420, RDX=0x000000076ab006f8
RSP=0x000070000d373770, RBP=0x000070000d3738c0, RSI=0x0000000000000000, RDI=0x0000000000000000
R8 =0x0000000000000139, R9 =0x000070000d373b40, R10=0x000000011536d598, R11=0x00000001176a58a0
R12=0x0000000000000000, R13=0x000070000d373848, R14=0x00007f890a002800, R15=0x00007f890a002800
RIP=0x00000001176a6146, EFLAGS=0x0000000000010246, ERR=0x0000000000000004
  TRAPNO=0x000000000000000e

Top of Stack: (sp=0x000070000d373770)
0x000070000d373770:   000070000d373a20 0000000000000010
0x000070000d373780:   0000000000000000 00000007c0002368
0x000070000d373790:   000070000d3739f0 000000010adcd275
0x000070000d3737a0:   0000000000000000 00007f890a002800
0x000070000d3737b0:   00007f890a90f3a0 0000000000000000
0x000070000d3737c0:   0000000000000000 ffffffff0a010000
0x000070000d3737d0:   000000002b6b2a00 000000076ab006f8
0x000070000d3737e0:   0000000000000000 000000076e5ad420
0x000070000d3737f0:   000070000d373800 000000010ae8de67
0x000070000d373800:   000070000d373820 000000010af76be5
0x000070000d373810:   0000000000000000 00007f890a002800
0x000070000d373820:   000070000d373840 000000010ac31e52
0x000070000d373830:   000070000d3738c0 00000001174c67a7
0x000070000d373840:   00000001174c67a7 000000076e5ad420
0x000070000d373850:   000000076ab006f8 0000000000000000
0x000070000d373860:   00007f8900001fa0 000000000000000a
0x000070000d373870:   00007f890a002800 0000000000000003
0x000070000d373880:   00000001174c671f 000000011536fce0
0x000070000d373890:   000070000d373958 000070000d373be8
0x000070000d3738a0:   000000010000000a 000000011536fce0
0x000070000d3738b0:   0000000117514560 000070000d373b40
0x000070000d3738c0:   000070000d373a70 000000010acefcba
0x000070000d3738d0:   0000000000000003 00007f890a002800
0x000070000d3738e0:   000070000d373910 000070000d373be8
0x000070000d3738f0:   0000000000000000 0000000117514560
0x000070000d373900:   0000000115b95460 000070000d373b38
0x000070000d373910:   000070000d373be0 00007f890a002800
0x000070000d373920:   00007f890a002800 00007f89094010d0
0x000070000d373930:   00007f8909401110 00007f8909401160
0x000070000d373940:   00007f89094011f8 00000000000000d8
0x000070000d373950:   000070000d374000 00007f890a002800
0x000070000d373960:   00007f89094075f0 000000011536fce0 

Instructions: (pc=0x00000001176a6146)
0x00000001176a6126:   48 8b b4 24 a0 00 00 00 48 8b 94 24 a8 00 00 00
0x00000001176a6136:   90 e8 e4 63 e6 ff 48 8b 4c 24 78 48 8b 74 24 70
0x00000001176a6146:   8b 76 20 48 c1 e6 03 48 3b 06 48 8b d6 48 bf 80
0x00000001176a6156:   84 91 15 01 00 00 00 8b 52 08 48 c1 e2 03 48 3b 

Register to memory mapping:

RAX=0x0000000000000118 is an unknown value
RBX=0x0000000115918480 is pointing into metadata
RCX=0x000000076e5ad420 is an oop
java.security.ProtectionDomain 
 - klass: 'java/security/ProtectionDomain'
RDX=0x000000076ab006f8 is an oop
java.lang.Class 
 - klass: 'java/lang/Class'
RSP=0x000070000d373770 is pointing into the stack for thread: 0x00007f890a002800
RBP=0x000070000d3738c0 is pointing into the stack for thread: 0x00007f890a002800
RSI=0x0000000000000000 is an unknown value
RDI=0x0000000000000000 is an unknown value
R8 =0x0000000000000139 is an unknown value
R9 =0x000070000d373b40 is pointing into the stack for thread: 0x00007f890a002800
R10=0x000000011536d598 is pointing into metadata
R11=0x00000001176a58a0 is at entry_point+32 in (nmethod*)0x00000001176a5650
R12=0x0000000000000000 is an unknown value
R13=0x000070000d373848 is pointing into the stack for thread: 0x00007f890a002800
R14=0x00007f890a002800 is a thread
R15=0x00007f890a002800 is a thread


Stack: [0x000070000d276000,0x000070000d376000],  sp=0x000070000d373770,  free space=1013k
Native frames: (J=compiled Java code, j=interpreted, Vv=VM code, C=native code)
J 317 C1 java.lang.ClassLoader.checkPackageAccess(Ljava/lang/Class;Ljava/security/ProtectionDomain;)V (122 bytes) @ 0x00000001176a6146 [0x00000001176a5880+0x8c6]
v  ~StubRoutines::call_stub
V  [libjvm.dylib+0x2efcba]  JavaCalls::call_helper(JavaValue*, methodHandle*, JavaCallArguments*, Thread*)+0x6ae
V  [libjvm.dylib+0x2f0147]  JavaCalls::call_special(JavaValue*, KlassHandle, Symbol*, Symbol*, JavaCallArguments*, Thread*)+0x111
V  [libjvm.dylib+0x2f023c]  JavaCalls::call_special(JavaValue*, Handle, KlassHandle, Symbol*, Symbol*, Handle, Handle, Thread*)+0x76
V  [libjvm.dylib+0x53ef8a]  SystemDictionary::validate_protection_domain(instanceKlassHandle, Handle, Handle, Thread*)+0x94
V  [libjvm.dylib+0x5402d0]  SystemDictionary::resolve_instance_class_or_null(Symbol*, Handle, Handle, Thread*)+0x756
V  [libjvm.dylib+0x540a52]  SystemDictionary::resolve_or_null(Symbol*, Handle, Handle, Thread*)+0x106
V  [libjvm.dylib+0x540c10]  SystemDictionary::resolve_super_or_fail(Symbol*, Symbol*, Handle, Handle, bool, Thread*)+0x1bc
V  [libjvm.dylib+0x189661]  ClassFileParser::parseClassFile(Symbol*, ClassLoaderData*, Handle, KlassHandle, GrowableArray<Handle>*, TempNewSymbol&, bool, Thread*)+0xd7d
V  [libjvm.dylib+0x53f9c0]  SystemDictionary::resolve_from_stream(Symbol*, Handle, Handle, ClassFileStream*, bool, Thread*)+0x114
V  [libjvm.dylib+0x352606]  jvm_define_class_common(JNIEnv_*, char const*, _jobject*, signed char const*, int, _jobject*, char const*, unsigned char, Thread*)+0x23a
V  [libjvm.dylib+0x352845]  JVM_DefineClass+0x77
V  [libjvm.dylib+0x5881d0]  Unsafe_DefineClass_impl(JNIEnv_*, _jstring*, _jbyteArray*, int, int, _jobject*, _jobject*)+0x59c
V  [libjvm.dylib+0x585961]  Unsafe_DefineClass+0x74
j  sun.misc.Unsafe.defineClass(Ljava/lang/String;[BIILjava/lang/ClassLoader;Ljava/security/ProtectionDomain;)Ljava/lang/Class;+0
j  com.k2.Util.classes.ClassUtil.createClassFromString(Ljava/lang/Class;Ljava/lang/String;Ljava/lang/String;Ljava/lang/String;)Ljava/lang/Class;+181
j  com.k2.JavaBuilder.BasicClassIOTests.basicClassWriterTest()V+64
v  ~StubRoutines::call_stub
V  [libjvm.dylib+0x2efcba]  JavaCalls::call_helper(JavaValue*, methodHandle*, JavaCallArguments*, Thread*)+0x6ae
V  [libjvm.dylib+0x4d67a8]  Reflection::invoke(instanceKlassHandle, methodHandle, Handle, bool, objArrayHandle, BasicType, objArrayHandle, bool, Thread*)+0xe12
V  [libjvm.dylib+0x4d6cdc]  Reflection::invoke_method(oopDesc*, Handle, objArrayHandle, Thread*)+0x16c
V  [libjvm.dylib+0x348208]  JVM_InvokeMethod+0x166
j  sun.reflect.NativeMethodAccessorImpl.invoke0(Ljava/lang/reflect/Method;Ljava/lang/Object;[Ljava/lang/Object;)Ljava/lang/Object;+0
j  sun.reflect.NativeMethodAccessorImpl.invoke(Ljava/lang/Object;[Ljava/lang/Object;)Ljava/lang/Object;+100
j  sun.reflect.DelegatingMethodAccessorImpl.invoke(Ljava/lang/Object;[Ljava/lang/Object;)Ljava/lang/Object;+6
j  java.lang.reflect.Method.invoke(Ljava/lang/Object;[Ljava/lang/Object;)Ljava/lang/Object;+56
j  org.junit.runners.model.FrameworkMethod$1.runReflectiveCall()Ljava/lang/Object;+15
j  org.junit.internal.runners.model.ReflectiveCallable.run()Ljava/lang/Object;+1
j  org.junit.runners.model.FrameworkMethod.invokeExplosively(Ljava/lang/Object;[Ljava/lang/Object;)Ljava/lang/Object;+10
j  org.junit.internal.runners.statements.InvokeMethod.evaluate()V+12
j  org.junit.runners.ParentRunner.runLeaf(Lorg/junit/runners/model/Statement;Lorg/junit/runner/Description;Lorg/junit/runner/notification/RunNotifier;)V+17
j  org.junit.runners.BlockJUnit4ClassRunner.runChild(Lorg/junit/runners/model/FrameworkMethod;Lorg/junit/runner/notification/RunNotifier;)V+30
j  org.junit.runners.BlockJUnit4ClassRunner.runChild(Ljava/lang/Object;Lorg/junit/runner/notification/RunNotifier;)V+6
j  org.junit.runners.ParentRunner$3.run()V+12
j  org.junit.runners.ParentRunner$1.schedule(Ljava/lang/Runnable;)V+1
j  org.junit.runners.ParentRunner.runChildren(Lorg/junit/runner/notification/RunNotifier;)V+44
j  org.junit.runners.ParentRunner.access$000(Lorg/junit/runners/ParentRunner;Lorg/junit/runner/notification/RunNotifier;)V+2
j  org.junit.runners.ParentRunner$2.evaluate()V+8
j  org.junit.runners.ParentRunner.run(Lorg/junit/runner/notification/RunNotifier;)V+20
j  org.eclipse.jdt.internal.junit4.runner.JUnit4TestReference.run(Lorg/eclipse/jdt/internal/junit/runner/TestExecution;)V+72
j  org.eclipse.jdt.internal.junit.runner.TestExecution.run([Lorg/eclipse/jdt/internal/junit/runner/ITestReference;)V+17
j  org.eclipse.jdt.internal.junit.runner.RemoteTestRunner.runTests([Ljava/lang/String;Ljava/lang/String;Lorg/eclipse/jdt/internal/junit/runner/TestExecution;)V+62
j  org.eclipse.jdt.internal.junit.runner.RemoteTestRunner.runTests(Lorg/eclipse/jdt/internal/junit/runner/TestExecution;)V+10
j  org.eclipse.jdt.internal.junit.runner.RemoteTestRunner.run()V+70
j  org.eclipse.jdt.internal.junit.runner.RemoteTestRunner.main([Ljava/lang/String;)V+14
v  ~StubRoutines::call_stub
V  [libjvm.dylib+0x2efcba]  JavaCalls::call_helper(JavaValue*, methodHandle*, JavaCallArguments*, Thread*)+0x6ae
V  [libjvm.dylib+0x326c61]  jni_invoke_static(JNIEnv_*, JavaValue*, _jobject*, JNICallType, _jmethodID*, JNI_ArgumentPusher*, Thread*)+0x1bf
V  [libjvm.dylib+0x31f9ed]  jni_CallStaticVoidMethod+0x15d
C  [java+0x38c6]  JavaMain+0x9c4
C  [libsystem_pthread.dylib+0x3661]  _pthread_body+0x154
C  [libsystem_pthread.dylib+0x350d]  _pthread_body+0x0
C  [libsystem_pthread.dylib+0x2bf9]  thread_start+0xd
C  0x0000000000000000


---------------  P R O C E S S  ---------------

Java Threads: ( => current thread )
  0x00007f890c051000 JavaThread "ReaderThread" [_thread_in_native, id=22019, stack(0x000070000e5af000,0x000070000e6af000)]
  0x00007f8909838000 JavaThread "Service Thread" daemon [_thread_blocked, id=15619, stack(0x000070000e3a9000,0x000070000e4a9000)]
  0x00007f8909822000 JavaThread "C1 CompilerThread3" daemon [_thread_blocked, id=15363, stack(0x000070000e2a6000,0x000070000e3a6000)]
  0x00007f8909837800 JavaThread "C2 CompilerThread2" daemon [_thread_blocked, id=16643, stack(0x000070000e1a3000,0x000070000e2a3000)]
  0x00007f890c801000 JavaThread "C2 CompilerThread1" daemon [_thread_blocked, id=17155, stack(0x000070000e0a0000,0x000070000e1a0000)]
  0x00007f890b038800 JavaThread "C2 CompilerThread0" daemon [_thread_blocked, id=17411, stack(0x000070000df9d000,0x000070000e09d000)]
  0x00007f890c000000 JavaThread "Signal Dispatcher" daemon [_thread_blocked, id=14603, stack(0x000070000de9a000,0x000070000df9a000)]
  0x00007f8909818800 JavaThread "Finalizer" daemon [_thread_blocked, id=12803, stack(0x000070000dd97000,0x000070000de97000)]
  0x00007f890a002000 JavaThread "Reference Handler" daemon [_thread_blocked, id=12291, stack(0x000070000dc94000,0x000070000dd94000)]
=>0x00007f890a002800 JavaThread "main" [_thread_in_Java, id=6659, stack(0x000070000d276000,0x000070000d376000)]

Other Threads:
  0x00007f890b05d800 VMThread [stack: 0x000070000db91000,0x000070000dc91000] [id=19715]
  0x00007f890a00c000 WatcherThread [stack: 0x000070000e4ac000,0x000070000e5ac000] [id=15875]

VM state:not at safepoint (normal execution)

VM Mutex/Monitor currently owned by a thread: None

Heap:
 PSYoungGen      total 76288K, used 60199K [0x000000076ab00000, 0x0000000770000000, 0x00000007c0000000)
  eden space 65536K, 91% used [0x000000076ab00000,0x000000076e5c9eb0,0x000000076eb00000)
  from space 10752K, 0% used [0x000000076f580000,0x000000076f580000,0x0000000770000000)
  to   space 10752K, 0% used [0x000000076eb00000,0x000000076eb00000,0x000000076f580000)
 ParOldGen       total 175104K, used 0K [0x00000006c0000000, 0x00000006cab00000, 0x000000076ab00000)
  object space 175104K, 0% used [0x00000006c0000000,0x00000006c0000000,0x00000006cab00000)
 Metaspace       used 12363K, capacity 12510K, committed 12672K, reserved 1060864K
  class space    used 1545K, capacity 1593K, committed 1664K, reserved 1048576K

Card table byte_map: [0x000000010bdb4000,0x000000010c5b5000] byte_map_base: 0x00000001087b4000

Marking Bits: (ParMarkBitMap*) 0x000000010b2f9cd0
 Begin Bits: [0x000000010cb0b000, 0x0000000110b0b000)
 End Bits:   [0x0000000110b0b000, 0x0000000114b0b000)

Polling page: 0x00000001099ca000

CodeCache: size=245760Kb used=3083Kb max_used=3111Kb free=242676Kb
 bounds [0x00000001174c6000, 0x00000001177d6000, 0x00000001264c6000]
 total_blobs=1038 nmethods=702 adapters=250
 compilation: enabled

Compilation events (10 events):
Event: 0.719 Thread 0x00007f8909822000 nmethod 698 0x00000001177c3550 code [0x00000001177c36c0, 0x00000001177c3990]
Event: 0.719 Thread 0x00007f8909822000  699       3       com.sun.tools.javac.code.Symbol$ClassSymbol::flags (16 bytes)
Event: 0.719 Thread 0x00007f8909822000 nmethod 699 0x00000001177c3150 code [0x00000001177c32c0, 0x00000001177c34a8]
Event: 0.719 Thread 0x00007f8909822000  700       3       com.sun.tools.javac.code.Type$ClassType::getTag (4 bytes)
Event: 0.719 Thread 0x00007f8909822000 nmethod 700 0x00000001177a50d0 code [0x00000001177a5240, 0x00000001177a5390]
Event: 0.720 Thread 0x00007f890b038800 nmethod 696 0x00000001177c5990 code [0x00000001177c5b60, 0x00000001177c6308]
Event: 0.724 Thread 0x00007f8909822000  701       3       com.sun.tools.javac.code.Types$DefaultTypeVisitor::visit (7 bytes)
Event: 0.724 Thread 0x00007f8909822000 nmethod 701 0x00000001177c5510 code [0x00000001177c5680, 0x00000001177c58a8]
Event: 0.727 Thread 0x00007f8909822000  702       1       com.sun.tools.javac.util.List$2::hasNext (2 bytes)
Event: 0.727 Thread 0x00007f8909822000 nmethod 702 0x00000001177c5250 code [0x00000001177c53a0, 0x00000001177c54b0]

GC Heap History (0 events):
No events

Deoptimization events (9 events):
Event: 0.104 Thread 0x00007f890a002800 Uncommon trap: reason=unstable_if action=reinterpret pc=0x00000001175ea404 method=java.lang.String.indexOf(II)I @ 49
Event: 0.593 Thread 0x00007f890a002800 Uncommon trap: reason=class_check action=maybe_recompile pc=0x000000011769b918 method=sun.misc.URLClassPath.getLoader(I)Lsun/misc/URLClassPath$Loader; @ 94
Event: 0.593 Thread 0x00007f890a002800 Uncommon trap: reason=class_check action=maybe_recompile pc=0x000000011769b918 method=sun.misc.URLClassPath.getLoader(I)Lsun/misc/URLClassPath$Loader; @ 94
Event: 0.593 Thread 0x00007f890a002800 Uncommon trap: reason=class_check action=maybe_recompile pc=0x000000011769b918 method=sun.misc.URLClassPath.getLoader(I)Lsun/misc/URLClassPath$Loader; @ 94
Event: 0.595 Thread 0x00007f890a002800 Uncommon trap: reason=class_check action=maybe_recompile pc=0x000000011769b918 method=sun.misc.URLClassPath.getLoader(I)Lsun/misc/URLClassPath$Loader; @ 94
Event: 0.595 Thread 0x00007f890a002800 Uncommon trap: reason=class_check action=maybe_recompile pc=0x0000000117698a08 method=sun.misc.URLClassPath.getLoader(I)Lsun/misc/URLClassPath$Loader; @ 94
Event: 0.718 Thread 0x00007f890a002800 Uncommon trap: reason=class_check action=maybe_recompile pc=0x000000011777fc78 method=java.util.HashMap.putVal(ILjava/lang/Object;Ljava/lang/Object;ZZ)Ljava/lang/Object; @ 253
Event: 0.719 Thread 0x00007f890a002800 Uncommon trap: reason=class_check action=maybe_recompile pc=0x000000011777fc78 method=java.util.HashMap.putVal(ILjava/lang/Object;Ljava/lang/Object;ZZ)Ljava/lang/Object; @ 253
Event: 0.719 Thread 0x00007f890a002800 Uncommon trap: reason=class_check action=maybe_recompile pc=0x000000011777fc78 method=java.util.HashMap.putVal(ILjava/lang/Object;Ljava/lang/Object;ZZ)Ljava/lang/Object; @ 253

Classes redefined (0 events):
No events

Internal exceptions (10 events):
Event: 0.030 Thread 0x00007f890a002800 Exception <a 'java/lang/NoSuchMethodError': Method sun.misc.Unsafe.prefetchRead(Ljava/lang/Object;J)V name or signature does not match> (0x000000076ab07f98) thrown at [/Users/java_re/workspace/8-2-build-macosx-x86_64/jdk8u181/11358/hotspot/src/share/vm/pr
Event: 0.132 Thread 0x00007f890a002800 Exception <a 'java/security/PrivilegedActionException'> (0x000000076adff680) thrown at [/Users/java_re/workspace/8-2-build-macosx-x86_64/jdk8u181/11358/hotspot/src/share/vm/prims/jvm.cpp, line 1435]
Event: 0.132 Thread 0x00007f890a002800 Exception <a 'java/security/PrivilegedActionException'> (0x000000076adffa78) thrown at [/Users/java_re/workspace/8-2-build-macosx-x86_64/jdk8u181/11358/hotspot/src/share/vm/prims/jvm.cpp, line 1435]
Event: 0.132 Thread 0x00007f890a002800 Exception <a 'java/security/PrivilegedActionException'> (0x000000076ae03178) thrown at [/Users/java_re/workspace/8-2-build-macosx-x86_64/jdk8u181/11358/hotspot/src/share/vm/prims/jvm.cpp, line 1435]
Event: 0.132 Thread 0x00007f890a002800 Exception <a 'java/security/PrivilegedActionException'> (0x000000076ae03570) thrown at [/Users/java_re/workspace/8-2-build-macosx-x86_64/jdk8u181/11358/hotspot/src/share/vm/prims/jvm.cpp, line 1435]
Event: 0.247 Thread 0x00007f890a002800 Exception <a 'java/io/FileNotFoundException'> (0x000000076b451038) thrown at [/Users/java_re/workspace/8-2-build-macosx-x86_64/jdk8u181/11358/hotspot/src/share/vm/prims/jni.cpp, line 709]
Event: 0.360 Thread 0x00007f890a002800 Exception <a 'java/lang/ClassNotFoundException': com/sun/tools/javac/api/JavacTool> (0x000000076bb3f040) thrown at [/Users/java_re/workspace/8-2-build-macosx-x86_64/jdk8u181/11358/hotspot/src/share/vm/classfile/systemDictionary.cpp, line 210]
Event: 0.650 Thread 0x00007f890a002800 Exception <a 'java/io/FileNotFoundException'> (0x000000076dc21da0) thrown at [/Users/java_re/workspace/8-2-build-macosx-x86_64/jdk8u181/11358/hotspot/src/share/vm/prims/jni.cpp, line 709]
Event: 0.651 Thread 0x00007f890a002800 Exception <a 'java/io/FileNotFoundException'> (0x000000076dc5d4a0) thrown at [/Users/java_re/workspace/8-2-build-macosx-x86_64/jdk8u181/11358/hotspot/src/share/vm/prims/jni.cpp, line 709]
Event: 0.729 Thread 0x00007f890a002800 Implicit null exception at 0x00000001176a6146 to 0x0000000000000000

Events (10 events):
Event: 0.728 loading class java/util/WeakHashMap$KeyIterator
Event: 0.728 loading class java/util/WeakHashMap$HashIterator
Event: 0.728 loading class java/util/WeakHashMap$HashIterator done
Event: 0.728 loading class java/util/WeakHashMap$KeyIterator done
Event: 0.728 loading class com/sun/tools/javac/main/Main$Result
Event: 0.728 loading class com/sun/tools/javac/main/Main$Result done
Event: 0.728 loading class sun/reflect/UnsafeQualifiedStaticObjectFieldAccessorImpl
Event: 0.728 loading class sun/reflect/UnsafeQualifiedStaticObjectFieldAccessorImpl done
Event: 0.728 loading class java/security/AllPermissionCollection
Event: 0.729 loading class java/security/AllPermissionCollection done


Dynamic libraries:
0x00007fff2d3da000 	/System/Library/Frameworks/Cocoa.framework/Versions/A/Cocoa
0x00007fff399f3000 	/System/Library/Frameworks/Security.framework/Versions/A/Security
0x00007fff2c01c000 	/System/Library/Frameworks/ApplicationServices.framework/Versions/A/ApplicationServices
0x00007fff55837000 	/usr/lib/libz.1.dylib
0x00007fff53768000 	/usr/lib/libSystem.B.dylib
0x00007fff54e21000 	/usr/lib/libobjc.A.dylib
0x00007fff2db8d000 	/System/Library/Frameworks/CoreFoundation.framework/Versions/A/CoreFoundation
0x00007fff2fcee000 	/System/Library/Frameworks/Foundation.framework/Versions/C/Foundation
0x00007fff2b16c000 	/System/Library/Frameworks/AppKit.framework/Versions/C/AppKit
0x00007fff2d752000 	/System/Library/Frameworks/CoreData.framework/Versions/A/CoreData
0x00007fff4d0ad000 	/System/Library/PrivateFrameworks/RemoteViewServices.framework/Versions/A/RemoteViewServices
0x00007fff5180d000 	/System/Library/PrivateFrameworks/UIFoundation.framework/Versions/A/UIFoundation
0x00007fff41ebb000 	/System/Library/PrivateFrameworks/DFRFoundation.framework/Versions/A/DFRFoundation
0x00007fff3235a000 	/System/Library/Frameworks/Metal.framework/Versions/A/Metal
0x00007fff42058000 	/System/Library/PrivateFrameworks/DesktopServicesPriv.framework/Versions/A/DesktopServicesPriv
0x00007fff5436e000 	/usr/lib/libenergytrace.dylib
0x00007fff4f878000 	/System/Library/PrivateFrameworks/SkyLight.framework/Versions/A/SkyLight
0x00007fff2e030000 	/System/Library/Frameworks/CoreGraphics.framework/Versions/A/CoreGraphics
0x00007fff53763000 	/usr/lib/libScreenReader.dylib
0x00007fff2a106000 	/System/Library/Frameworks/Accelerate.framework/Versions/A/Accelerate
0x00007fff30468000 	/System/Library/Frameworks/IOSurface.framework/Versions/A/IOSurface
0x00007fff2c566000 	/System/Library/Frameworks/AudioToolbox.framework/Versions/A/AudioToolbox
0x00007fff2c7f6000 	/System/Library/Frameworks/AudioUnit.framework/Versions/A/AudioUnit
0x00007fff41f53000 	/System/Library/PrivateFrameworks/DataDetectorsCore.framework/Versions/A/DataDetectorsCore
0x00007fff2cecd000 	/System/Library/Frameworks/Carbon.framework/Versions/A/Frameworks/HIToolbox.framework/Versions/A/HIToolbox
0x00007fff544c8000 	/usr/lib/libicucore.A.dylib
0x00007fff38f72000 	/System/Library/Frameworks/QuartzCore.framework/Versions/A/QuartzCore
0x00007fff4eb2f000 	/System/Library/PrivateFrameworks/SignpostNotification.framework/Versions/A/SignpostNotification
0x00007fff2d2b3000 	/System/Library/Frameworks/Carbon.framework/Versions/A/Frameworks/SpeechRecognition.framework/Versions/A/SpeechRecognition
0x00007fff538c4000 	/usr/lib/libauto.dylib
0x00007fff55726000 	/usr/lib/libxml2.2.dylib
0x00007fff41b0c000 	/System/Library/PrivateFrameworks/CoreUI.framework/Versions/A/CoreUI
0x00007fff2d62e000 	/System/Library/Frameworks/CoreAudio.framework/Versions/A/CoreAudio
0x00007fff2fb28000 	/System/Library/Frameworks/DiskArbitration.framework/Versions/A/DiskArbitration
0x00007fff5473c000 	/usr/lib/liblangid.dylib
0x00007fff495b7000 	/System/Library/PrivateFrameworks/MultitouchSupport.framework/Versions/A/MultitouchSupport
0x00007fff303cb000 	/System/Library/Frameworks/IOKit.framework/Versions/A/IOKit
0x00007fff533f2000 	/usr/lib/libDiagnosticMessagesClient.dylib
0x00007fff2ed06000 	/System/Library/Frameworks/CoreServices.framework/Versions/A/CoreServices
0x00007fff4b0e9000 	/System/Library/PrivateFrameworks/PerformanceAnalysis.framework/Versions/A/PerformanceAnalysis
0x00007fff38114000 	/System/Library/Frameworks/OpenGL.framework/Versions/A/OpenGL
0x00007fff2d3e8000 	/System/Library/Frameworks/ColorSync.framework/Versions/A/ColorSync
0x00007fff2e642000 	/System/Library/Frameworks/CoreImage.framework/Versions/A/CoreImage
0x00007fff2f696000 	/System/Library/Frameworks/CoreText.framework/Versions/A/CoreText
0x00007fff304c6000 	/System/Library/Frameworks/ImageIO.framework/Versions/A/ImageIO
0x00007fff3e803000 	/System/Library/PrivateFrameworks/Backup.framework/Versions/A/Backup
0x00007fff53814000 	/usr/lib/libarchive.2.dylib
0x00007fff2cb19000 	/System/Library/Frameworks/CFNetwork.framework/Versions/A/CFNetwork
0x00007fff3a186000 	/System/Library/Frameworks/SystemConfiguration.framework/Versions/A/SystemConfiguration
0x00007fff5331b000 	/usr/lib/libCRFSuite.dylib
0x00007fff5399d000 	/usr/lib/libc++.1.dylib
0x00007fff539f4000 	/usr/lib/libc++abi.dylib
0x00007fff558e5000 	/usr/lib/system/libcache.dylib
0x00007fff558ea000 	/usr/lib/system/libcommonCrypto.dylib
0x00007fff558f5000 	/usr/lib/system/libcompiler_rt.dylib
0x00007fff558fd000 	/usr/lib/system/libcopyfile.dylib
0x00007fff55907000 	/usr/lib/system/libcorecrypto.dylib
0x00007fff55a14000 	/usr/lib/system/libdispatch.dylib
0x00007fff55a4e000 	/usr/lib/system/libdyld.dylib
0x00007fff55a6c000 	/usr/lib/system/libkeymgr.dylib
0x00007fff55a7a000 	/usr/lib/system/liblaunch.dylib
0x00007fff55a7b000 	/usr/lib/system/libmacho.dylib
0x00007fff55a80000 	/usr/lib/system/libquarantine.dylib
0x00007fff55a83000 	/usr/lib/system/libremovefile.dylib
0x00007fff55a85000 	/usr/lib/system/libsystem_asl.dylib
0x00007fff55a9d000 	/usr/lib/system/libsystem_blocks.dylib
0x00007fff55a9e000 	/usr/lib/system/libsystem_c.dylib
0x00007fff55b28000 	/usr/lib/system/libsystem_configuration.dylib
0x00007fff55b2c000 	/usr/lib/system/libsystem_coreservices.dylib
0x00007fff55b30000 	/usr/lib/system/libsystem_darwin.dylib
0x00007fff55b32000 	/usr/lib/system/libsystem_dnssd.dylib
0x00007fff55b39000 	/usr/lib/system/libsystem_info.dylib
0x00007fff55baa000 	/usr/lib/system/libsystem_m.dylib
0x00007fff55bf6000 	/usr/lib/system/libsystem_malloc.dylib
0x00007fff55c16000 	/usr/lib/system/libsystem_network.dylib
0x00007fff55d47000 	/usr/lib/system/libsystem_networkextension.dylib
0x00007fff55d52000 	/usr/lib/system/libsystem_notify.dylib
0x00007fff55d70000 	/usr/lib/system/libsystem_sandbox.dylib
0x00007fff55d74000 	/usr/lib/system/libsystem_secinit.dylib
0x00007fff55b83000 	/usr/lib/system/libsystem_kernel.dylib
0x00007fff55d5c000 	/usr/lib/system/libsystem_platform.dylib
0x00007fff55d64000 	/usr/lib/system/libsystem_pthread.dylib
0x00007fff55d76000 	/usr/lib/system/libsystem_symptoms.dylib
0x00007fff55d7e000 	/usr/lib/system/libsystem_trace.dylib
0x00007fff55d93000 	/usr/lib/system/libunwind.dylib
0x00007fff55d99000 	/usr/lib/system/libxpc.dylib
0x00007fff5322e000 	/usr/lib/closure/libclosured.dylib
0x00007fff5397e000 	/usr/lib/libbsm.0.dylib
0x00007fff55a6d000 	/usr/lib/system/libkxld.dylib
0x00007fff5362c000 	/usr/lib/libOpenScriptingUtil.dylib
0x00007fff53ced000 	/usr/lib/libcoretls.dylib
0x00007fff53d06000 	/usr/lib/libcoretls_cfhelpers.dylib
0x00007fff55222000 	/usr/lib/libpam.2.dylib
0x00007fff55349000 	/usr/lib/libsqlite3.dylib
0x00007fff55715000 	/usr/lib/libxar.1.dylib
0x00007fff5398f000 	/usr/lib/libbz2.1.0.dylib
0x00007fff5473e000 	/usr/lib/liblzma.5.dylib
0x00007fff54c1f000 	/usr/lib/libnetwork.dylib
0x00007fff537fd000 	/usr/lib/libapple_nghttp2.dylib
0x00007fff55229000 	/usr/lib/libpcap.A.dylib
0x00007fff538c5000 	/usr/lib/libboringssl.dylib
0x00007fff556b0000 	/usr/lib/libusrtcp.dylib
0x00007fff537fc000 	/usr/lib/libapple_crypto.dylib
0x00007fff2f089000 	/System/Library/Frameworks/CoreServices.framework/Versions/A/Frameworks/FSEvents.framework/Versions/A/FSEvents
0x00007fff2ed7c000 	/System/Library/Frameworks/CoreServices.framework/Versions/A/Frameworks/CarbonCore.framework/Versions/A/CarbonCore
0x00007fff2f250000 	/System/Library/Frameworks/CoreServices.framework/Versions/A/Frameworks/Metadata.framework/Versions/A/Metadata
0x00007fff2f301000 	/System/Library/Frameworks/CoreServices.framework/Versions/A/Frameworks/OSServices.framework/Versions/A/OSServices
0x00007fff2f362000 	/System/Library/Frameworks/CoreServices.framework/Versions/A/Frameworks/SearchKit.framework/Versions/A/SearchKit
0x00007fff2ed07000 	/System/Library/Frameworks/CoreServices.framework/Versions/A/Frameworks/AE.framework/Versions/A/AE
0x00007fff2f092000 	/System/Library/Frameworks/CoreServices.framework/Versions/A/Frameworks/LaunchServices.framework/Versions/A/LaunchServices
0x00007fff2f054000 	/System/Library/Frameworks/CoreServices.framework/Versions/A/Frameworks/DictionaryServices.framework/Versions/A/DictionaryServices
0x00007fff2f3d1000 	/System/Library/Frameworks/CoreServices.framework/Versions/A/Frameworks/SharedFileList.framework/Versions/A/SharedFileList
0x00007fff33590000 	/System/Library/Frameworks/NetFS.framework/Versions/A/NetFS
0x00007fff49848000 	/System/Library/PrivateFrameworks/NetAuth.framework/Versions/A/NetAuth
0x00007fff530c5000 	/System/Library/PrivateFrameworks/login.framework/Versions/A/Frameworks/loginsupport.framework/Versions/A/loginsupport
0x00007fff5148a000 	/System/Library/PrivateFrameworks/TCC.framework/Versions/A/TCC
0x00007fff5481f000 	/usr/lib/libmecabra.dylib
0x00007fff2c01d000 	/System/Library/Frameworks/ApplicationServices.framework/Versions/A/Frameworks/ATS.framework/Versions/A/ATS
0x00007fff2c3cb000 	/System/Library/Frameworks/ApplicationServices.framework/Versions/A/Frameworks/ColorSyncLegacy.framework/Versions/A/ColorSyncLegacy
0x00007fff2c46f000 	/System/Library/Frameworks/ApplicationServices.framework/Versions/A/Frameworks/HIServices.framework/Versions/A/HIServices
0x00007fff2c4c2000 	/System/Library/Frameworks/ApplicationServices.framework/Versions/A/Frameworks/LangAnalysis.framework/Versions/A/LangAnalysis
0x00007fff2c4d1000 	/System/Library/Frameworks/ApplicationServices.framework/Versions/A/Frameworks/PrintCore.framework/Versions/A/PrintCore
0x00007fff2c51e000 	/System/Library/Frameworks/ApplicationServices.framework/Versions/A/Frameworks/QD.framework/Versions/A/QD
0x00007fff2c559000 	/System/Library/Frameworks/ApplicationServices.framework/Versions/A/Frameworks/SpeechSynthesis.framework/Versions/A/SpeechSynthesis
0x00007fff2daa9000 	/System/Library/Frameworks/CoreDisplay.framework/Versions/A/CoreDisplay
0x00007fff2a11e000 	/System/Library/Frameworks/Accelerate.framework/Versions/A/Frameworks/vImage.framework/Versions/A/vImage
0x00007fff2ae78000 	/System/Library/Frameworks/Accelerate.framework/Versions/A/Frameworks/vecLib.framework/Versions/A/vecLib
0x00007fff2ac18000 	/System/Library/Frameworks/Accelerate.framework/Versions/A/Frameworks/vecLib.framework/Versions/A/libvDSP.dylib
0x00007fff2a778000 	/System/Library/Frameworks/Accelerate.framework/Versions/A/Frameworks/vecLib.framework/Versions/A/libBNNS.dylib
0x00007fff2ab7d000 	/System/Library/Frameworks/Accelerate.framework/Versions/A/Frameworks/vecLib.framework/Versions/A/libQuadrature.dylib
0x00007fff2adc6000 	/System/Library/Frameworks/Accelerate.framework/Versions/A/Frameworks/vecLib.framework/Versions/A/libvMisc.dylib
0x00007fff2a7a7000 	/System/Library/Frameworks/Accelerate.framework/Versions/A/Frameworks/vecLib.framework/Versions/A/libLAPACK.dylib
0x00007fff2a61d000 	/System/Library/Frameworks/Accelerate.framework/Versions/A/Frameworks/vecLib.framework/Versions/A/libBLAS.dylib
0x00007fff2ab67000 	/System/Library/Frameworks/Accelerate.framework/Versions/A/Frameworks/vecLib.framework/Versions/A/libLinearAlgebra.dylib
0x00007fff2ab83000 	/System/Library/Frameworks/Accelerate.framework/Versions/A/Frameworks/vecLib.framework/Versions/A/libSparse.dylib
0x00007fff2ac04000 	/System/Library/Frameworks/Accelerate.framework/Versions/A/Frameworks/vecLib.framework/Versions/A/libSparseBLAS.dylib
0x00007fff46697000 	/System/Library/PrivateFrameworks/GPUWrangler.framework/Versions/A/GPUWrangler
0x00007fff47e28000 	/System/Library/PrivateFrameworks/IOAccelerator.framework/Versions/A/IOAccelerator
0x00007fff47e33000 	/System/Library/PrivateFrameworks/IOPresentment.framework/Versions/A/IOPresentment
0x00007fff41ecd000 	/System/Library/PrivateFrameworks/DSExternalDisplay.framework/Versions/A/DSExternalDisplay
0x00007fff37593000 	/System/Library/Frameworks/OpenGL.framework/Versions/A/Libraries/libCoreFSCache.dylib
0x00007fff2f7e7000 	/System/Library/Frameworks/CoreVideo.framework/Versions/A/CoreVideo
0x00007fff47412000 	/System/Library/PrivateFrameworks/GraphVisualizer.framework/Versions/A/GraphVisualizer
0x00007fff32591000 	/System/Library/Frameworks/MetalPerformanceShaders.framework/Versions/A/MetalPerformanceShaders
0x00007fff5342a000 	/usr/lib/libFosl_dynamic.dylib
0x00007fff42fa1000 	/System/Library/PrivateFrameworks/FaceCore.framework/Versions/A/FaceCore
0x00007fff3638e000 	/System/Library/Frameworks/OpenCL.framework/Versions/A/OpenCL
0x00007fff53a2b000 	/usr/lib/libcompression.dylib
0x00007fff2c11c000 	/System/Library/Frameworks/ApplicationServices.framework/Versions/A/Frameworks/ATS.framework/Versions/A/Resources/libFontParser.dylib
0x00007fff2c23f000 	/System/Library/Frameworks/ApplicationServices.framework/Versions/A/Frameworks/ATS.framework/Versions/A/Resources/libFontRegistry.dylib
0x00007fff3072e000 	/System/Library/Frameworks/ImageIO.framework/Versions/A/Resources/libJPEG.dylib
0x00007fff30a57000 	/System/Library/Frameworks/ImageIO.framework/Versions/A/Resources/libTIFF.dylib
0x00007fff30a2d000 	/System/Library/Frameworks/ImageIO.framework/Versions/A/Resources/libPng.dylib
0x00007fff30641000 	/System/Library/Frameworks/ImageIO.framework/Versions/A/Resources/libGIF.dylib
0x00007fff30646000 	/System/Library/Frameworks/ImageIO.framework/Versions/A/Resources/libJP2.dylib
0x00007fff30a54000 	/System/Library/Frameworks/ImageIO.framework/Versions/A/Resources/libRadiance.dylib
0x00007fff3df2e000 	/System/Library/PrivateFrameworks/AppleJPEG.framework/Versions/A/AppleJPEG
0x00007fff323f8000 	/System/Library/Frameworks/MetalPerformanceShaders.framework/Frameworks/MPSCore.framework/Versions/A/MPSCore
0x00007fff32414000 	/System/Library/Frameworks/MetalPerformanceShaders.framework/Frameworks/MPSImage.framework/Versions/A/MPSImage
0x00007fff324a9000 	/System/Library/Frameworks/MetalPerformanceShaders.framework/Frameworks/MPSNeuralNetwork.framework/Versions/A/MPSNeuralNetwork
0x00007fff32484000 	/System/Library/Frameworks/MetalPerformanceShaders.framework/Frameworks/MPSMatrix.framework/Versions/A/MPSMatrix
0x00007fff49329000 	/System/Library/PrivateFrameworks/MetalTools.framework/Versions/A/MetalTools
0x00007fff3775e000 	/System/Library/Frameworks/OpenGL.framework/Versions/A/Libraries/libGLU.dylib
0x00007fff3759e000 	/System/Library/Frameworks/OpenGL.framework/Versions/A/Libraries/libGFXShared.dylib
0x00007fff375a8000 	/System/Library/Frameworks/OpenGL.framework/Versions/A/Libraries/libGL.dylib
0x00007fff375b4000 	/System/Library/Frameworks/OpenGL.framework/Versions/A/Libraries/libGLImage.dylib
0x00007fff37590000 	/System/Library/Frameworks/OpenGL.framework/Versions/A/Libraries/libCVMSPluginSupport.dylib
0x00007fff37599000 	/System/Library/Frameworks/OpenGL.framework/Versions/A/Libraries/libCoreVMClient.dylib
0x00007fff541d8000 	/usr/lib/libcups.2.dylib
0x00007fff3195f000 	/System/Library/Frameworks/Kerberos.framework/Versions/A/Kerberos
0x00007fff30125000 	/System/Library/Frameworks/GSS.framework/Versions/A/GSS
0x00007fff552dc000 	/usr/lib/libresolv.9.dylib
0x00007fff543d6000 	/usr/lib/libiconv.2.dylib
0x00007fff474a4000 	/System/Library/PrivateFrameworks/Heimdal.framework/Versions/A/Heimdal
0x00007fff543a5000 	/usr/lib/libheimdal-asn1.dylib
0x00007fff36406000 	/System/Library/Frameworks/OpenDirectory.framework/Versions/A/OpenDirectory
0x00007fff40244000 	/System/Library/PrivateFrameworks/CommonAuth.framework/Versions/A/CommonAuth
0x00007fff363e9000 	/System/Library/Frameworks/OpenDirectory.framework/Versions/A/Frameworks/CFOpenDirectory.framework/Versions/A/CFOpenDirectory
0x00007fff39d1f000 	/System/Library/Frameworks/SecurityFoundation.framework/Versions/A/SecurityFoundation
0x00007fff3d0f3000 	/System/Library/PrivateFrameworks/APFS.framework/Versions/A/APFS
0x00007fff55711000 	/usr/lib/libutil.dylib
0x00007fff3dfb1000 	/System/Library/PrivateFrameworks/AppleSauce.framework/Versions/A/AppleSauce
0x00007fff48610000 	/System/Library/PrivateFrameworks/LinguisticData.framework/Versions/A/LinguisticData
0x00007fff54758000 	/usr/lib/libmarisa.dylib
0x00007fff485ca000 	/System/Library/PrivateFrameworks/Lexicon.framework/Versions/A/Lexicon
0x00007fff53355000 	/usr/lib/libChineseTokenizer.dylib
0x00007fff53a1a000 	/usr/lib/libcmph.dylib
0x00007fff484d4000 	/System/Library/PrivateFrameworks/LanguageModeling.framework/Versions/A/LanguageModeling
0x00007fff40d53000 	/System/Library/PrivateFrameworks/CoreEmoji.framework/Versions/A/CoreEmoji
0x00007fff39ddd000 	/System/Library/Frameworks/ServiceManagement.framework/Versions/A/ServiceManagement
0x00007fff3e7fb000 	/System/Library/PrivateFrameworks/BackgroundTaskManagement.framework/Versions/A/BackgroundTaskManagement
0x00007fff5580e000 	/usr/lib/libxslt.1.dylib
0x00007fff2d1dd000 	/System/Library/Frameworks/Carbon.framework/Versions/A/Frameworks/Ink.framework/Versions/A/Ink
0x00007fff5169f000 	/System/Library/PrivateFrameworks/TextureIO.framework/Versions/A/TextureIO
0x00007fff5383f000 	/usr/lib/libate.dylib
0x00007fff41e2d000 	/System/Library/PrivateFrameworks/CrashReporterSupport.framework/Versions/A/CrashReporterSupport
0x00007fff4e9ef000 	/System/Library/PrivateFrameworks/Sharing.framework/Versions/A/Sharing
0x00007fff48215000 	/System/Library/PrivateFrameworks/IconServices.framework/Versions/A/IconServices
0x00007fff3e42b000 	/System/Library/PrivateFrameworks/AuthKit.framework/Versions/A/AuthKit
0x00007fff3ddb1000 	/System/Library/PrivateFrameworks/Apple80211.framework/Versions/A/Apple80211
0x00007fff41c42000 	/System/Library/PrivateFrameworks/CoreUtils.framework/Versions/A/CoreUtils
0x00007fff2f822000 	/System/Library/Frameworks/CoreWLAN.framework/Versions/A/CoreWLAN
0x00007fff30267000 	/System/Library/Frameworks/IOBluetooth.framework/Versions/A/IOBluetooth
0x00007fff4ceb8000 	/System/Library/PrivateFrameworks/ProtocolBuffer.framework/Versions/A/ProtocolBuffer
0x00007fff49512000 	/System/Library/PrivateFrameworks/MobileKeyBag.framework/Versions/A/MobileKeyBag
0x00007fff414f7000 	/System/Library/PrivateFrameworks/CorePhoneNumbers.framework/Versions/A/CorePhoneNumbers
0x00007fff3dee9000 	/System/Library/PrivateFrameworks/AppleIDAuthSupport.framework/Versions/A/AppleIDAuthSupport
0x00007fff484c0000 	/System/Library/PrivateFrameworks/KeychainCircle.framework/Versions/A/KeychainCircle
0x00007fff41dc8000 	/System/Library/PrivateFrameworks/CoreWiFi.framework/Versions/A/CoreWiFi
0x00007fff2d728000 	/System/Library/Frameworks/CoreBluetooth.framework/Versions/A/CoreBluetooth
0x00007fff42017000 	/System/Library/PrivateFrameworks/DebugSymbols.framework/Versions/A/DebugSymbols
0x00007fff419f8000 	/System/Library/PrivateFrameworks/CoreSymbolication.framework/Versions/A/CoreSymbolication
0x00007fff50e90000 	/System/Library/PrivateFrameworks/Symbolication.framework/Versions/A/Symbolication
0x00007fff3dddb000 	/System/Library/PrivateFrameworks/AppleFSCompression.framework/Versions/A/AppleFSCompression
0x00007fff502dd000 	/System/Library/PrivateFrameworks/SpeechRecognitionCore.framework/Versions/A/SpeechRecognitionCore
0x000000010aa00000 	/Library/Java/JavaVirtualMachines/jdk1.8.0_181.jdk/Contents/Home/jre/lib/server/libjvm.dylib
0x00007fff555de000 	/usr/lib/libstdc++.6.0.9.dylib
0x0000000109986000 	/Library/Java/JavaVirtualMachines/jdk1.8.0_181.jdk/Contents/Home/jre/lib/libverify.dylib
0x0000000109994000 	/Library/Java/JavaVirtualMachines/jdk1.8.0_181.jdk/Contents/Home/jre/lib/libjava.dylib
0x00000001099d4000 	/Library/Java/JavaVirtualMachines/jdk1.8.0_181.jdk/Contents/Home/jre/lib/libzip.dylib
0x0000000128558000 	/Library/Java/JavaVirtualMachines/jdk1.8.0_181.jdk/Contents/Home/jre/lib/libnet.dylib

VM Arguments:
jvm_args: -ea -Dfile.encoding=UTF-8 
java_command: org.eclipse.jdt.internal.junit.runner.RemoteTestRunner -version 3 -port 54112 -testLoaderClass org.eclipse.jdt.internal.junit4.runner.JUnit4TestLoader -loaderpluginname org.eclipse.jdt.junit4.runtime -test com.k2.JavaBuilder.BasicClassIOTests:basicClassWriterTest
java_class_path (initial): /Users/simon/eclipse-workspace/JavaBuilder/target/test-classes:/Users/simon/eclipse-workspace/JavaBuilder/target/classes:/Users/simon/git/Util/target/classes:/Users/simon/.m2/repository/com/google/guava/guava/23.6-jre/guava-23.6-jre.jar:/Users/simon/.m2/repository/com/google/code/findbugs/jsr305/1.3.9/jsr305-1.3.9.jar:/Users/simon/.m2/repository/org/checkerframework/checker-compat-qual/2.0.0/checker-compat-qual-2.0.0.jar:/Users/simon/.m2/repository/com/google/errorprone/error_prone_annotations/2.1.3/error_prone_annotations-2.1.3.jar:/Users/simon/.m2/repository/com/google/j2objc/j2objc-annotations/1.1/j2objc-annotations-1.1.jar:/Users/simon/.m2/repository/org/codehaus/mojo/animal-sniffer-annotations/1.14/animal-sniffer-annotations-1.14.jar:/Users/simon/.m2/repository/org/slf4j/slf4j-api/1.7.25/slf4j-api-1.7.25.jar:/Users/simon/.m2/repository/ch/qos/logback/logback-core/1.2.3/logback-core-1.2.3.jar:/Users/simon/.m2/repository/ch/qos/logback/logback-classic/1.2.3/logback-classic-1.2.3.jar:/Users/simon/.m2/repository/javax/persistence/javax.persistence-api/2.2/javax.persistence-api-2.2.jar:/Users/simon/.m2/repository/com/google/code/gson/gson/2.8.2/gson-2.8.2.jar:/Users/simon/.m2/repository/junit/junit/4.12/junit-4.12.jar:/Users/simon/.m2/repository/org/hamcrest/hamcrest-core/1.3/hamcrest-core-1.3.jar:/Users/simon/eclipse/jee-photon/Eclipse.app/Contents/Eclipse/configuration/org.eclipse.osgi/409/0/.cp:/Users/simon/eclipse/jee-photon/Eclipse.app/Contents/Eclipse/configuration/org.eclipse.osgi/408/0/.cp
Launcher Type: SUN_STANDARD

Environment Variables:
PATH=/usr/bin:/bin:/usr/sbin:/sbin
SHELL=/bin/bash

Signal Handlers:
SIGSEGV: [libjvm.dylib+0x5b6029], sa_mask[0]=11111111011111110111111111111111, sa_flags=SA_ONSTACK|SA_RESTART|SA_SIGINFO
SIGBUS: [libjvm.dylib+0x5b6029], sa_mask[0]=11111111011111110111111111111111, sa_flags=SA_RESTART|SA_SIGINFO
SIGFPE: [libjvm.dylib+0x48b934], sa_mask[0]=11111111011111110111111111111111, sa_flags=SA_RESTART|SA_SIGINFO
SIGPIPE: [libjvm.dylib+0x48b934], sa_mask[0]=11111111011111110111111111111111, sa_flags=SA_RESTART|SA_SIGINFO
SIGXFSZ: [libjvm.dylib+0x48b934], sa_mask[0]=11111111011111110111111111111111, sa_flags=SA_RESTART|SA_SIGINFO
SIGILL: [libjvm.dylib+0x48b934], sa_mask[0]=11111111011111110111111111111111, sa_flags=SA_RESTART|SA_SIGINFO
SIGUSR1: SIG_DFL, sa_mask[0]=00000000000000000000000000000000, sa_flags=none
SIGUSR2: [libjvm.dylib+0x48b452], sa_mask[0]=00100000000000000000000000000000, sa_flags=SA_RESTART|SA_SIGINFO
SIGHUP: [libjvm.dylib+0x489a1d], sa_mask[0]=11111111011111110111111111111111, sa_flags=SA_RESTART|SA_SIGINFO
SIGINT: [libjvm.dylib+0x489a1d], sa_mask[0]=11111111011111110111111111111111, sa_flags=SA_RESTART|SA_SIGINFO
SIGTERM: [libjvm.dylib+0x489a1d], sa_mask[0]=11111111011111110111111111111111, sa_flags=SA_RESTART|SA_SIGINFO
SIGQUIT: [libjvm.dylib+0x489a1d], sa_mask[0]=11111111011111110111111111111111, sa_flags=SA_RESTART|SA_SIGINFO


---------------  S Y S T E M  ---------------

OS:Bsduname:Darwin 17.7.0 Darwin Kernel Version 17.7.0: Thu Jun 21 22:53:14 PDT 2018; root:xnu-4570.71.2~1/RELEASE_X86_64 x86_64
rlimit: STACK 8192k, CORE 0k, NPROC 1418, NOFILE 10240, AS infinity
load average:1.52 1.45 1.52

CPU:total 8 (initial active 8) (4 cores per cpu, 2 threads per core) family 6 model 158 stepping 9, cmov, cx8, fxsr, mmx, sse, sse2, sse3, ssse3, sse4.1, sse4.2, popcnt, avx, avx2, aes, clmul, erms, 3dnowpref, lzcnt, ht, tsc, tscinvbit, bmi1, bmi2, adx

Memory: 4k page, physical 16777216k(1760052k free)

/proc/meminfo:


vm_info: Java HotSpot(TM) 64-Bit Server VM (25.181-b13) for bsd-amd64 JRE (1.8.0_181-b13), built on Jul  7 2018 01:02:31 by "java_re" with gcc 4.2.1 (Based on Apple Inc. build 5658) (LLVM build 2336.11.00)

time: Sat Aug 18 18:29:24 2018
elapsed time: 0 seconds (0d 0h 0m 0s)

