#
# A fatal error has been detected by the Java Runtime Environment:
#
#  SIGSEGV (0xb) at pc=0x00000001166a6b86, pid=3331, tid=0x0000000000001803
#
# JRE version: Java(TM) SE Runtime Environment (8.0_181-b13) (build 1.8.0_181-b13)
# Java VM: Java HotSpot(TM) 64-Bit Server VM (25.181-b13 mixed mode bsd-amd64 compressed oops)
# Problematic frame:
# J 324 C1 java.lang.ClassLoader.checkPackageAccess(Ljava/lang/Class;Ljava/security/ProtectionDomain;)V (122 bytes) @ 0x00000001166a6b86 [0x00000001166a62c0+0x8c6]
#
# Failed to write core dump. Core dumps have been disabled. To enable core dumping, try "ulimit -c unlimited" before starting Java again
#
# If you would like to submit a bug report, please visit:
#   http://bugreport.java.com/bugreport/crash.jsp
#

---------------  T H R E A D  ---------------

Current thread (0x00007fb796006800):  JavaThread "main" [_thread_in_Java, id=6147, stack(0x000070000c7eb000,0x000070000c8eb000)]

siginfo: si_signo: 11 (SIGSEGV), si_code: 1 (SEGV_MAPERR), si_addr: 0x0000000000000020

Registers:
RAX=0x0000000000000118, RBX=0x000000011368a268, RCX=0x000000076e5b45f8, RDX=0x000000076ab006f8
RSP=0x000070000c8e8770, RBP=0x000070000c8e88c0, RSI=0x0000000000000000, RDI=0x0000000000000000
R8 =0x0000000000000139, R9 =0x000070000c8e8b40, R10=0x00000001130dd598, R11=0x00000001166a62e0
R12=0x0000000000000000, R13=0x000070000c8e8848, R14=0x00007fb796006800, R15=0x00007fb796006800
RIP=0x00000001166a6b86, EFLAGS=0x0000000000010246, ERR=0x0000000000000004
  TRAPNO=0x000000000000000e

Top of Stack: (sp=0x000070000c8e8770)
0x000070000c8e8770:   000070000c8e8a20 0000000000000010
0x000070000c8e8780:   0000000000000000 00000007c0002368
0x000070000c8e8790:   000070000c8e89f0 0000000110bcd275
0x000070000c8e87a0:   0000000000000000 00007fb796006800
0x000070000c8e87b0:   00007fb793c11be0 0000000000000000
0x000070000c8e87c0:   0000000000000000 ffffffff10010000
0x000070000c8e87d0:   000000002b620200 000000076ab006f8
0x000070000c8e87e0:   0000000000000000 000000076e5b45f8
0x000070000c8e87f0:   000070000c8e8800 0000000110c8de67
0x000070000c8e8800:   000070000c8e8820 0000000110d76be5
0x000070000c8e8810:   0000000000000000 00007fb796006800
0x000070000c8e8820:   000070000c8e8840 0000000110a31e52
0x000070000c8e8830:   000070000c8e88c0 00000001164ce7a7
0x000070000c8e8840:   00000001164ce7a7 000000076e5b45f8
0x000070000c8e8850:   000000076ab006f8 0000000000000000
0x000070000c8e8860:   00007fb700001fa0 000000000000000a
0x000070000c8e8870:   00007fb796006800 0000000000000003
0x000070000c8e8880:   00000001164ce71f 00000001130dfce0
0x000070000c8e8890:   000070000c8e8958 000070000c8e8be8
0x000070000c8e88a0:   000000010000000a 00000001130dfce0
0x000070000c8e88b0:   000000011651c560 000070000c8e8b40
0x000070000c8e88c0:   000070000c8e8a70 0000000110aefcba
0x000070000c8e88d0:   0000000000000003 00007fb796006800
0x000070000c8e88e0:   000070000c8e8910 000070000c8e8be8
0x000070000c8e88f0:   0000000000000000 000000011651c560
0x000070000c8e8900:   000000010f78f460 000070000c8e8b38
0x000070000c8e8910:   000070000c8e8be0 00007fb796006800
0x000070000c8e8920:   00007fb796006800 00007fb793c04530
0x000070000c8e8930:   00007fb793c04620 00007fb793c04670
0x000070000c8e8940:   00007fb793c04708 00000000000000d8
0x000070000c8e8950:   000070000c8e9000 00007fb796006800
0x000070000c8e8960:   00007fb79500a660 00000001130dfce0 

Instructions: (pc=0x00000001166a6b86)
0x00000001166a6b66:   48 8b b4 24 a0 00 00 00 48 8b 94 24 a8 00 00 00
0x00000001166a6b76:   90 e8 a4 d9 e6 ff 48 8b 4c 24 78 48 8b 74 24 70
0x00000001166a6b86:   8b 76 20 48 c1 e6 03 48 3b 06 48 8b d6 48 bf 68
0x00000001166a6b96:   a2 68 13 01 00 00 00 8b 52 08 48 c1 e2 03 48 3b 

Register to memory mapping:

RAX=0x0000000000000118 is an unknown value
RBX=0x000000011368a268 is pointing into metadata
RCX=0x000000076e5b45f8 is an oop
java.security.ProtectionDomain 
 - klass: 'java/security/ProtectionDomain'
RDX=0x000000076ab006f8 is an oop
java.lang.Class 
 - klass: 'java/lang/Class'
RSP=0x000070000c8e8770 is pointing into the stack for thread: 0x00007fb796006800
RBP=0x000070000c8e88c0 is pointing into the stack for thread: 0x00007fb796006800
RSI=0x0000000000000000 is an unknown value
RDI=0x0000000000000000 is an unknown value
R8 =0x0000000000000139 is an unknown value
R9 =0x000070000c8e8b40 is pointing into the stack for thread: 0x00007fb796006800
R10=0x00000001130dd598 is pointing into metadata
R11=0x00000001166a62e0 is at entry_point+32 in (nmethod*)0x00000001166a6090
R12=0x0000000000000000 is an unknown value
R13=0x000070000c8e8848 is pointing into the stack for thread: 0x00007fb796006800
R14=0x00007fb796006800 is a thread
R15=0x00007fb796006800 is a thread


Stack: [0x000070000c7eb000,0x000070000c8eb000],  sp=0x000070000c8e8770,  free space=1013k
Native frames: (J=compiled Java code, j=interpreted, Vv=VM code, C=native code)
J 324 C1 java.lang.ClassLoader.checkPackageAccess(Ljava/lang/Class;Ljava/security/ProtectionDomain;)V (122 bytes) @ 0x00000001166a6b86 [0x00000001166a62c0+0x8c6]
v  ~StubRoutines::call_stub
V  [libjvm.dylib+0x2efcba]
V  [libjvm.dylib+0x2f0147]
V  [libjvm.dylib+0x2f023c]
V  [libjvm.dylib+0x53ef8a]
V  [libjvm.dylib+0x5402d0]
V  [libjvm.dylib+0x540a52]
V  [libjvm.dylib+0x540c10]
V  [libjvm.dylib+0x189661]
V  [libjvm.dylib+0x53f9c0]
V  [libjvm.dylib+0x352606]
V  [libjvm.dylib+0x352845]
V  [libjvm.dylib+0x5881d0]
V  [libjvm.dylib+0x585961]
j  sun.misc.Unsafe.defineClass(Ljava/lang/String;[BIILjava/lang/ClassLoader;Ljava/security/ProtectionDomain;)Ljava/lang/Class;+0
j  com.k2.Util.classes.ClassUtil.createClassFromString(Ljava/lang/Class;Ljava/lang/String;Ljava/lang/String;Ljava/lang/String;)Ljava/lang/Class;+181
j  com.k2.JavaBuilder.BasicClassIOTests.basicClassWriterTest()V+64
v  ~StubRoutines::call_stub
V  [libjvm.dylib+0x2efcba]
V  [libjvm.dylib+0x4d67a8]
V  [libjvm.dylib+0x4d6cdc]
V  [libjvm.dylib+0x348208]
j  sun.reflect.NativeMethodAccessorImpl.invoke0(Ljava/lang/reflect/Method;Ljava/lang/Object;[Ljava/lang/Object;)Ljava/lang/Object;+0
j  sun.reflect.NativeMethodAccessorImpl.invoke(Ljava/lang/Object;[Ljava/lang/Object;)Ljava/lang/Object;+100
j  sun.reflect.DelegatingMethodAccessorImpl.invoke(Ljava/lang/Object;[Ljava/lang/Object;)Ljava/lang/Object;+6
j  java.lang.reflect.Method.invoke(Ljava/lang/Object;[Ljava/lang/Object;)Ljava/lang/Object;+56
j  org.junit.runners.model.FrameworkMethod$1.runReflectiveCall()Ljava/lang/Object;+15
j  org.junit.internal.runners.model.ReflectiveCallable.run()Ljava/lang/Object;+1
j  org.junit.runners.model.FrameworkMethod.invokeExplosively(Ljava/lang/Object;[Ljava/lang/Object;)Ljava/lang/Object;+10
j  org.junit.internal.runners.statements.InvokeMethod.evaluate()V+12
j  org.junit.runners.ParentRunner.runLeaf(Lorg/junit/runners/model/Statement;Lorg/junit/runner/Description;Lorg/junit/runner/notification/RunNotifier;)V+17
j  org.junit.runners.BlockJUnit4ClassRunner.runChild(Lorg/junit/runners/model/FrameworkMethod;Lorg/junit/runner/notification/RunNotifier;)V+30
j  org.junit.runners.BlockJUnit4ClassRunner.runChild(Ljava/lang/Object;Lorg/junit/runner/notification/RunNotifier;)V+6
j  org.junit.runners.ParentRunner$3.run()V+12
j  org.junit.runners.ParentRunner$1.schedule(Ljava/lang/Runnable;)V+1
j  org.junit.runners.ParentRunner.runChildren(Lorg/junit/runner/notification/RunNotifier;)V+44
j  org.junit.runners.ParentRunner.access$000(Lorg/junit/runners/ParentRunner;Lorg/junit/runner/notification/RunNotifier;)V+2
j  org.junit.runners.ParentRunner$2.evaluate()V+8
j  org.junit.runners.ParentRunner.run(Lorg/junit/runner/notification/RunNotifier;)V+20
j  org.eclipse.jdt.internal.junit4.runner.JUnit4TestReference.run(Lorg/eclipse/jdt/internal/junit/runner/TestExecution;)V+72
j  org.eclipse.jdt.internal.junit.runner.TestExecution.run([Lorg/eclipse/jdt/internal/junit/runner/ITestReference;)V+17
j  org.eclipse.jdt.internal.junit.runner.RemoteTestRunner.runTests([Ljava/lang/String;Ljava/lang/String;Lorg/eclipse/jdt/internal/junit/runner/TestExecution;)V+62
j  org.eclipse.jdt.internal.junit.runner.RemoteTestRunner.runTests(Lorg/eclipse/jdt/internal/junit/runner/TestExecution;)V+10
j  org.eclipse.jdt.internal.junit.runner.RemoteTestRunner.run()V+70
j  org.eclipse.jdt.internal.junit.runner.RemoteTestRunner.main([Ljava/lang/String;)V+14
v  ~StubRoutines::call_stub
V  [libjvm.dylib+0x2efcba]
V  [libjvm.dylib+0x326c61]
V  [libjvm.dylib+0x31f9ed]
C  [java+0x38c6]  JavaMain+0x9c4
C  [libsystem_pthread.dylib+0x3661]  _pthread_body+0x154
C  [libsystem_pthread.dylib+0x350d]  _pthread_body+0x0
C  [libsystem_pthread.dylib+0x2bf9]  thread_start+0xd
C  0x0000000000000000


---------------  P R O C E S S  ---------------

Java Threads: ( => current thread )
  0x00007fb79480c800 JavaThread "ReaderThread" [_thread_in_native, id=21763, stack(0x000070000db24000,0x000070000dc24000)]
  0x00007fb795857000 JavaThread "Service Thread" daemon [_thread_blocked, id=15107, stack(0x000070000d91e000,0x000070000da1e000)]
  0x00007fb79600f000 JavaThread "C1 CompilerThread3" daemon [_thread_blocked, id=15363, stack(0x000070000d81b000,0x000070000d91b000)]
  0x00007fb797001000 JavaThread "C2 CompilerThread2" daemon [_thread_blocked, id=15875, stack(0x000070000d718000,0x000070000d818000)]
  0x00007fb794004000 JavaThread "C2 CompilerThread1" daemon [_thread_blocked, id=16387, stack(0x000070000d615000,0x000070000d715000)]
  0x00007fb796814800 JavaThread "C2 CompilerThread0" daemon [_thread_blocked, id=16899, stack(0x000070000d512000,0x000070000d612000)]
  0x00007fb79580d800 JavaThread "Signal Dispatcher" daemon [_thread_blocked, id=13831, stack(0x000070000d40f000,0x000070000d50f000)]
  0x00007fb79481d800 JavaThread "Finalizer" daemon [_thread_blocked, id=18435, stack(0x000070000d30c000,0x000070000d40c000)]
  0x00007fb79481d000 JavaThread "Reference Handler" daemon [_thread_blocked, id=18947, stack(0x000070000d209000,0x000070000d309000)]
=>0x00007fb796006800 JavaThread "main" [_thread_in_Java, id=6147, stack(0x000070000c7eb000,0x000070000c8eb000)]

Other Threads:
  0x00007fb796801000 VMThread [stack: 0x000070000d106000,0x000070000d206000] [id=11523]
  0x00007fb79583c000 WatcherThread [stack: 0x000070000da21000,0x000070000db21000] [id=14595]

VM state:not at safepoint (normal execution)

VM Mutex/Monitor currently owned by a thread: None

Heap:
 PSYoungGen      total 76288K, used 60228K [0x000000076ab00000, 0x0000000770000000, 0x00000007c0000000)
  eden space 65536K, 91% used [0x000000076ab00000,0x000000076e5d1378,0x000000076eb00000)
  from space 10752K, 0% used [0x000000076f580000,0x000000076f580000,0x0000000770000000)
  to   space 10752K, 0% used [0x000000076eb00000,0x000000076eb00000,0x000000076f580000)
 ParOldGen       total 175104K, used 0K [0x00000006c0000000, 0x00000006cab00000, 0x000000076ab00000)
  object space 175104K, 0% used [0x00000006c0000000,0x00000006c0000000,0x00000006cab00000)
 Metaspace       used 12363K, capacity 12510K, committed 12672K, reserved 1060864K
  class space    used 1545K, capacity 1593K, committed 1664K, reserved 1048576K

Card table byte_map: [0x0000000111b74000,0x0000000112375000] byte_map_base: 0x000000010e574000

Marking Bits: (ParMarkBitMap*) 0x00000001110f9cd0
 Begin Bits: [0x00000001254ce000, 0x00000001294ce000)
 End Bits:   [0x00000001294ce000, 0x000000012d4ce000)

Polling page: 0x000000010f6b1000

CodeCache: size=245760Kb used=3090Kb max_used=3118Kb free=242669Kb
 bounds [0x00000001164ce000, 0x00000001167de000, 0x00000001254ce000]
 total_blobs=1045 nmethods=709 adapters=250
 compilation: enabled

Compilation events (10 events):
Event: 0.717 Thread 0x00007fb79600f000 nmethod 705 0x00000001167c1850 code [0x00000001167c19c0, 0x00000001167c1b10]
Event: 0.717 Thread 0x00007fb79600f000  707       3       com.sun.tools.javac.code.Type$MethodType::<init> (22 bytes)
Event: 0.718 Thread 0x00007fb79600f000 nmethod 707 0x00000001167cc450 code [0x00000001167cc5c0, 0x00000001167cc890]
Event: 0.718 Thread 0x00007fb79600f000  706       3       java.lang.Boolean::valueOf (14 bytes)
Event: 0.718 Thread 0x00007fb79600f000 nmethod 706 0x00000001167c14d0 code [0x00000001167c1640, 0x00000001167c17d0]
Event: 0.723 Thread 0x00007fb79600f000  708       3       com.sun.tools.javac.code.Types$DefaultTypeVisitor::visit (7 bytes)
Event: 0.723 Thread 0x00007fb79600f000 nmethod 708 0x00000001167cc9d0 code [0x00000001167ccb40, 0x00000001167ccd68]
Event: 0.726 Thread 0x00007fb79600f000  709       1       com.sun.tools.javac.util.List$2::hasNext (2 bytes)
Event: 0.726 Thread 0x00007fb79600f000 nmethod 709 0x00000001167d3c90 code [0x00000001167d3de0, 0x00000001167d3ef0]
Event: 0.728 Thread 0x00007fb796814800 nmethod 561% 0x00000001167d3f50 code [0x00000001167d44c0, 0x00000001167d8610]

GC Heap History (0 events):
No events

Deoptimization events (9 events):
Event: 0.102 Thread 0x00007fb796006800 Uncommon trap: reason=unstable_if action=reinterpret pc=0x00000001165f2644 method=java.lang.String.indexOf(II)I @ 49
Event: 0.602 Thread 0x00007fb796006800 Uncommon trap: reason=class_check action=maybe_recompile pc=0x00000001166b0358 method=sun.misc.URLClassPath.getLoader(I)Lsun/misc/URLClassPath$Loader; @ 94
Event: 0.602 Thread 0x00007fb796006800 Uncommon trap: reason=class_check action=maybe_recompile pc=0x00000001166b0358 method=sun.misc.URLClassPath.getLoader(I)Lsun/misc/URLClassPath$Loader; @ 94
Event: 0.602 Thread 0x00007fb796006800 Uncommon trap: reason=class_check action=maybe_recompile pc=0x00000001166b0358 method=sun.misc.URLClassPath.getLoader(I)Lsun/misc/URLClassPath$Loader; @ 94
Event: 0.604 Thread 0x00007fb796006800 Uncommon trap: reason=class_check action=maybe_recompile pc=0x00000001166b0358 method=sun.misc.URLClassPath.getLoader(I)Lsun/misc/URLClassPath$Loader; @ 94
Event: 0.604 Thread 0x00007fb796006800 Uncommon trap: reason=class_check action=maybe_recompile pc=0x00000001166a8a08 method=sun.misc.URLClassPath.getLoader(I)Lsun/misc/URLClassPath$Loader; @ 94
Event: 0.716 Thread 0x00007fb796006800 Uncommon trap: reason=class_check action=maybe_recompile pc=0x00000001167889f8 method=java.util.HashMap.putVal(ILjava/lang/Object;Ljava/lang/Object;ZZ)Ljava/lang/Object; @ 253
Event: 0.717 Thread 0x00007fb796006800 Uncommon trap: reason=class_check action=maybe_recompile pc=0x00000001167889f8 method=java.util.HashMap.putVal(ILjava/lang/Object;Ljava/lang/Object;ZZ)Ljava/lang/Object; @ 253
Event: 0.718 Thread 0x00007fb796006800 Uncommon trap: reason=class_check action=maybe_recompile pc=0x00000001167889f8 method=java.util.HashMap.putVal(ILjava/lang/Object;Ljava/lang/Object;ZZ)Ljava/lang/Object; @ 253

Classes redefined (0 events):
No events

Internal exceptions (10 events):
Event: 0.029 Thread 0x00007fb796006800 Exception <a 'java/lang/NoSuchMethodError': Method sun.misc.Unsafe.prefetchRead(Ljava/lang/Object;J)V name or signature does not match> (0x000000076ab07f98) thrown at [/Users/java_re/workspace/8-2-build-macosx-x86_64/jdk8u181/11358/hotspot/src/share/vm/pr
Event: 0.129 Thread 0x00007fb796006800 Exception <a 'java/security/PrivilegedActionException'> (0x000000076adff648) thrown at [/Users/java_re/workspace/8-2-build-macosx-x86_64/jdk8u181/11358/hotspot/src/share/vm/prims/jvm.cpp, line 1435]
Event: 0.129 Thread 0x00007fb796006800 Exception <a 'java/security/PrivilegedActionException'> (0x000000076adffa40) thrown at [/Users/java_re/workspace/8-2-build-macosx-x86_64/jdk8u181/11358/hotspot/src/share/vm/prims/jvm.cpp, line 1435]
Event: 0.129 Thread 0x00007fb796006800 Exception <a 'java/security/PrivilegedActionException'> (0x000000076ae03140) thrown at [/Users/java_re/workspace/8-2-build-macosx-x86_64/jdk8u181/11358/hotspot/src/share/vm/prims/jvm.cpp, line 1435]
Event: 0.129 Thread 0x00007fb796006800 Exception <a 'java/security/PrivilegedActionException'> (0x000000076ae03538) thrown at [/Users/java_re/workspace/8-2-build-macosx-x86_64/jdk8u181/11358/hotspot/src/share/vm/prims/jvm.cpp, line 1435]
Event: 0.249 Thread 0x00007fb796006800 Exception <a 'java/io/FileNotFoundException'> (0x000000076b451038) thrown at [/Users/java_re/workspace/8-2-build-macosx-x86_64/jdk8u181/11358/hotspot/src/share/vm/prims/jni.cpp, line 709]
Event: 0.357 Thread 0x00007fb796006800 Exception <a 'java/lang/ClassNotFoundException': com/sun/tools/javac/api/JavacTool> (0x000000076bb3ef38) thrown at [/Users/java_re/workspace/8-2-build-macosx-x86_64/jdk8u181/11358/hotspot/src/share/vm/classfile/systemDictionary.cpp, line 210]
Event: 0.650 Thread 0x00007fb796006800 Exception <a 'java/io/FileNotFoundException'> (0x000000076dc291e0) thrown at [/Users/java_re/workspace/8-2-build-macosx-x86_64/jdk8u181/11358/hotspot/src/share/vm/prims/jni.cpp, line 709]
Event: 0.651 Thread 0x00007fb796006800 Exception <a 'java/io/FileNotFoundException'> (0x000000076dc648e0) thrown at [/Users/java_re/workspace/8-2-build-macosx-x86_64/jdk8u181/11358/hotspot/src/share/vm/prims/jni.cpp, line 709]
Event: 0.728 Thread 0x00007fb796006800 Implicit null exception at 0x00000001166a6b86 to 0x0000000000000000

Events (10 events):
Event: 0.727 loading class java/util/WeakHashMap$KeyIterator
Event: 0.727 loading class java/util/WeakHashMap$HashIterator
Event: 0.727 loading class java/util/WeakHashMap$HashIterator done
Event: 0.727 loading class java/util/WeakHashMap$KeyIterator done
Event: 0.727 loading class com/sun/tools/javac/main/Main$Result
Event: 0.727 loading class com/sun/tools/javac/main/Main$Result done
Event: 0.728 loading class sun/reflect/UnsafeQualifiedStaticObjectFieldAccessorImpl
Event: 0.728 loading class sun/reflect/UnsafeQualifiedStaticObjectFieldAccessorImpl done
Event: 0.728 loading class java/security/AllPermissionCollection
Event: 0.728 loading class java/security/AllPermissionCollection done


Dynamic libraries:
0x00007fff2d3da000 	/System/Library/Frameworks/Cocoa.framework/Versions/A/Cocoa
0x00007fff399f3000 	/System/Library/Frameworks/Security.framework/Versions/A/Security
0x00007fff2c01c000 	/System/Library/Frameworks/ApplicationServices.framework/Versions/A/ApplicationServices
0x00007fff55837000 	/usr/lib/libz.1.dylib
0x00007fff53768000 	/usr/lib/libSystem.B.dylib
0x00007fff54e21000 	/usr/lib/libobjc.A.dylib
0x00007fff2db8d000 	/System/Library/Frameworks/CoreFoundation.framework/Versions/A/CoreFoundation
0x00007fff2fcee000 	/System/Library/Frameworks/Foundation.framework/Versions/C/Foundation
0x00007fff2b16c000 	/System/Library/Frameworks/AppKit.framework/Versions/C/AppKit
0x00007fff2d752000 	/System/Library/Frameworks/CoreData.framework/Versions/A/CoreData
0x00007fff4d0ad000 	/System/Library/PrivateFrameworks/RemoteViewServices.framework/Versions/A/RemoteViewServices
0x00007fff5180d000 	/System/Library/PrivateFrameworks/UIFoundation.framework/Versions/A/UIFoundation
0x00007fff41ebb000 	/System/Library/PrivateFrameworks/DFRFoundation.framework/Versions/A/DFRFoundation
0x00007fff3235a000 	/System/Library/Frameworks/Metal.framework/Versions/A/Metal
0x00007fff42058000 	/System/Library/PrivateFrameworks/DesktopServicesPriv.framework/Versions/A/DesktopServicesPriv
0x00007fff5436e000 	/usr/lib/libenergytrace.dylib
0x00007fff4f878000 	/System/Library/PrivateFrameworks/SkyLight.framework/Versions/A/SkyLight
0x00007fff2e030000 	/System/Library/Frameworks/CoreGraphics.framework/Versions/A/CoreGraphics
0x00007fff53763000 	/usr/lib/libScreenReader.dylib
0x00007fff2a106000 	/System/Library/Frameworks/Accelerate.framework/Versions/A/Accelerate
0x00007fff30468000 	/System/Library/Frameworks/IOSurface.framework/Versions/A/IOSurface
0x00007fff2c566000 	/System/Library/Frameworks/AudioToolbox.framework/Versions/A/AudioToolbox
0x00007fff2c7f6000 	/System/Library/Frameworks/AudioUnit.framework/Versions/A/AudioUnit
0x00007fff41f53000 	/System/Library/PrivateFrameworks/DataDetectorsCore.framework/Versions/A/DataDetectorsCore
0x00007fff2cecd000 	/System/Library/Frameworks/Carbon.framework/Versions/A/Frameworks/HIToolbox.framework/Versions/A/HIToolbox
0x00007fff544c8000 	/usr/lib/libicucore.A.dylib
0x00007fff38f72000 	/System/Library/Frameworks/QuartzCore.framework/Versions/A/QuartzCore
0x00007fff4eb2f000 	/System/Library/PrivateFrameworks/SignpostNotification.framework/Versions/A/SignpostNotification
0x00007fff2d2b3000 	/System/Library/Frameworks/Carbon.framework/Versions/A/Frameworks/SpeechRecognition.framework/Versions/A/SpeechRecognition
0x00007fff538c4000 	/usr/lib/libauto.dylib
0x00007fff55726000 	/usr/lib/libxml2.2.dylib
0x00007fff41b0c000 	/System/Library/PrivateFrameworks/CoreUI.framework/Versions/A/CoreUI
0x00007fff2d62e000 	/System/Library/Frameworks/CoreAudio.framework/Versions/A/CoreAudio
0x00007fff2fb28000 	/System/Library/Frameworks/DiskArbitration.framework/Versions/A/DiskArbitration
0x00007fff5473c000 	/usr/lib/liblangid.dylib
0x00007fff495b7000 	/System/Library/PrivateFrameworks/MultitouchSupport.framework/Versions/A/MultitouchSupport
0x00007fff303cb000 	/System/Library/Frameworks/IOKit.framework/Versions/A/IOKit
0x00007fff533f2000 	/usr/lib/libDiagnosticMessagesClient.dylib
0x00007fff2ed06000 	/System/Library/Frameworks/CoreServices.framework/Versions/A/CoreServices
0x00007fff4b0e9000 	/System/Library/PrivateFrameworks/PerformanceAnalysis.framework/Versions/A/PerformanceAnalysis
0x00007fff38114000 	/System/Library/Frameworks/OpenGL.framework/Versions/A/OpenGL
0x00007fff2d3e8000 	/System/Library/Frameworks/ColorSync.framework/Versions/A/ColorSync
0x00007fff2e642000 	/System/Library/Frameworks/CoreImage.framework/Versions/A/CoreImage
0x00007fff2f696000 	/System/Library/Frameworks/CoreText.framework/Versions/A/CoreText
0x00007fff304c6000 	/System/Library/Frameworks/ImageIO.framework/Versions/A/ImageIO
0x00007fff3e803000 	/System/Library/PrivateFrameworks/Backup.framework/Versions/A/Backup
0x00007fff53814000 	/usr/lib/libarchive.2.dylib
0x00007fff2cb19000 	/System/Library/Frameworks/CFNetwork.framework/Versions/A/CFNetwork
0x00007fff3a186000 	/System/Library/Frameworks/SystemConfiguration.framework/Versions/A/SystemConfiguration
0x00007fff5331b000 	/usr/lib/libCRFSuite.dylib
0x00007fff5399d000 	/usr/lib/libc++.1.dylib
0x00007fff539f4000 	/usr/lib/libc++abi.dylib
0x00007fff558e5000 	/usr/lib/system/libcache.dylib
0x00007fff558ea000 	/usr/lib/system/libcommonCrypto.dylib
0x00007fff558f5000 	/usr/lib/system/libcompiler_rt.dylib
0x00007fff558fd000 	/usr/lib/system/libcopyfile.dylib
0x00007fff55907000 	/usr/lib/system/libcorecrypto.dylib
0x00007fff55a14000 	/usr/lib/system/libdispatch.dylib
0x00007fff55a4e000 	/usr/lib/system/libdyld.dylib
0x00007fff55a6c000 	/usr/lib/system/libkeymgr.dylib
0x00007fff55a7a000 	/usr/lib/system/liblaunch.dylib
0x00007fff55a7b000 	/usr/lib/system/libmacho.dylib
0x00007fff55a80000 	/usr/lib/system/libquarantine.dylib
0x00007fff55a83000 	/usr/lib/system/libremovefile.dylib
0x00007fff55a85000 	/usr/lib/system/libsystem_asl.dylib
0x00007fff55a9d000 	/usr/lib/system/libsystem_blocks.dylib
0x00007fff55a9e000 	/usr/lib/system/libsystem_c.dylib
0x00007fff55b28000 	/usr/lib/system/libsystem_configuration.dylib
0x00007fff55b2c000 	/usr/lib/system/libsystem_coreservices.dylib
0x00007fff55b30000 	/usr/lib/system/libsystem_darwin.dylib
0x00007fff55b32000 	/usr/lib/system/libsystem_dnssd.dylib
0x00007fff55b39000 	/usr/lib/system/libsystem_info.dylib
0x00007fff55baa000 	/usr/lib/system/libsystem_m.dylib
0x00007fff55bf6000 	/usr/lib/system/libsystem_malloc.dylib
0x00007fff55c16000 	/usr/lib/system/libsystem_network.dylib
0x00007fff55d47000 	/usr/lib/system/libsystem_networkextension.dylib
0x00007fff55d52000 	/usr/lib/system/libsystem_notify.dylib
0x00007fff55d70000 	/usr/lib/system/libsystem_sandbox.dylib
0x00007fff55d74000 	/usr/lib/system/libsystem_secinit.dylib
0x00007fff55b83000 	/usr/lib/system/libsystem_kernel.dylib
0x00007fff55d5c000 	/usr/lib/system/libsystem_platform.dylib
0x00007fff55d64000 	/usr/lib/system/libsystem_pthread.dylib
0x00007fff55d76000 	/usr/lib/system/libsystem_symptoms.dylib
0x00007fff55d7e000 	/usr/lib/system/libsystem_trace.dylib
0x00007fff55d93000 	/usr/lib/system/libunwind.dylib
0x00007fff55d99000 	/usr/lib/system/libxpc.dylib
0x00007fff5322e000 	/usr/lib/closure/libclosured.dylib
0x00007fff5397e000 	/usr/lib/libbsm.0.dylib
0x00007fff55a6d000 	/usr/lib/system/libkxld.dylib
0x00007fff5362c000 	/usr/lib/libOpenScriptingUtil.dylib
0x00007fff53ced000 	/usr/lib/libcoretls.dylib
0x00007fff53d06000 	/usr/lib/libcoretls_cfhelpers.dylib
0x00007fff55222000 	/usr/lib/libpam.2.dylib
0x00007fff55349000 	/usr/lib/libsqlite3.dylib
0x00007fff55715000 	/usr/lib/libxar.1.dylib
0x00007fff5398f000 	/usr/lib/libbz2.1.0.dylib
0x00007fff5473e000 	/usr/lib/liblzma.5.dylib
0x00007fff54c1f000 	/usr/lib/libnetwork.dylib
0x00007fff537fd000 	/usr/lib/libapple_nghttp2.dylib
0x00007fff55229000 	/usr/lib/libpcap.A.dylib
0x00007fff538c5000 	/usr/lib/libboringssl.dylib
0x00007fff556b0000 	/usr/lib/libusrtcp.dylib
0x00007fff537fc000 	/usr/lib/libapple_crypto.dylib
0x00007fff2f089000 	/System/Library/Frameworks/CoreServices.framework/Versions/A/Frameworks/FSEvents.framework/Versions/A/FSEvents
0x00007fff2ed7c000 	/System/Library/Frameworks/CoreServices.framework/Versions/A/Frameworks/CarbonCore.framework/Versions/A/CarbonCore
0x00007fff2f250000 	/System/Library/Frameworks/CoreServices.framework/Versions/A/Frameworks/Metadata.framework/Versions/A/Metadata
0x00007fff2f301000 	/System/Library/Frameworks/CoreServices.framework/Versions/A/Frameworks/OSServices.framework/Versions/A/OSServices
0x00007fff2f362000 	/System/Library/Frameworks/CoreServices.framework/Versions/A/Frameworks/SearchKit.framework/Versions/A/SearchKit
0x00007fff2ed07000 	/System/Library/Frameworks/CoreServices.framework/Versions/A/Frameworks/AE.framework/Versions/A/AE
0x00007fff2f092000 	/System/Library/Frameworks/CoreServices.framework/Versions/A/Frameworks/LaunchServices.framework/Versions/A/LaunchServices
0x00007fff2f054000 	/System/Library/Frameworks/CoreServices.framework/Versions/A/Frameworks/DictionaryServices.framework/Versions/A/DictionaryServices
0x00007fff2f3d1000 	/System/Library/Frameworks/CoreServices.framework/Versions/A/Frameworks/SharedFileList.framework/Versions/A/SharedFileList
0x00007fff33590000 	/System/Library/Frameworks/NetFS.framework/Versions/A/NetFS
0x00007fff49848000 	/System/Library/PrivateFrameworks/NetAuth.framework/Versions/A/NetAuth
0x00007fff530c5000 	/System/Library/PrivateFrameworks/login.framework/Versions/A/Frameworks/loginsupport.framework/Versions/A/loginsupport
0x00007fff5148a000 	/System/Library/PrivateFrameworks/TCC.framework/Versions/A/TCC
0x00007fff5481f000 	/usr/lib/libmecabra.dylib
0x00007fff2c01d000 	/System/Library/Frameworks/ApplicationServices.framework/Versions/A/Frameworks/ATS.framework/Versions/A/ATS
0x00007fff2c3cb000 	/System/Library/Frameworks/ApplicationServices.framework/Versions/A/Frameworks/ColorSyncLegacy.framework/Versions/A/ColorSyncLegacy
0x00007fff2c46f000 	/System/Library/Frameworks/ApplicationServices.framework/Versions/A/Frameworks/HIServices.framework/Versions/A/HIServices
0x00007fff2c4c2000 	/System/Library/Frameworks/ApplicationServices.framework/Versions/A/Frameworks/LangAnalysis.framework/Versions/A/LangAnalysis
0x00007fff2c4d1000 	/System/Library/Frameworks/ApplicationServices.framework/Versions/A/Frameworks/PrintCore.framework/Versions/A/PrintCore
0x00007fff2c51e000 	/System/Library/Frameworks/ApplicationServices.framework/Versions/A/Frameworks/QD.framework/Versions/A/QD
0x00007fff2c559000 	/System/Library/Frameworks/ApplicationServices.framework/Versions/A/Frameworks/SpeechSynthesis.framework/Versions/A/SpeechSynthesis
0x00007fff2daa9000 	/System/Library/Frameworks/CoreDisplay.framework/Versions/A/CoreDisplay
0x00007fff2a11e000 	/System/Library/Frameworks/Accelerate.framework/Versions/A/Frameworks/vImage.framework/Versions/A/vImage
0x00007fff2ae78000 	/System/Library/Frameworks/Accelerate.framework/Versions/A/Frameworks/vecLib.framework/Versions/A/vecLib
0x00007fff2ac18000 	/System/Library/Frameworks/Accelerate.framework/Versions/A/Frameworks/vecLib.framework/Versions/A/libvDSP.dylib
0x00007fff2a778000 	/System/Library/Frameworks/Accelerate.framework/Versions/A/Frameworks/vecLib.framework/Versions/A/libBNNS.dylib
0x00007fff2ab7d000 	/System/Library/Frameworks/Accelerate.framework/Versions/A/Frameworks/vecLib.framework/Versions/A/libQuadrature.dylib
0x00007fff2adc6000 	/System/Library/Frameworks/Accelerate.framework/Versions/A/Frameworks/vecLib.framework/Versions/A/libvMisc.dylib
0x00007fff2a7a7000 	/System/Library/Frameworks/Accelerate.framework/Versions/A/Frameworks/vecLib.framework/Versions/A/libLAPACK.dylib
0x00007fff2a61d000 	/System/Library/Frameworks/Accelerate.framework/Versions/A/Frameworks/vecLib.framework/Versions/A/libBLAS.dylib
0x00007fff2ab67000 	/System/Library/Frameworks/Accelerate.framework/Versions/A/Frameworks/vecLib.framework/Versions/A/libLinearAlgebra.dylib
0x00007fff2ab83000 	/System/Library/Frameworks/Accelerate.framework/Versions/A/Frameworks/vecLib.framework/Versions/A/libSparse.dylib
0x00007fff2ac04000 	/System/Library/Frameworks/Accelerate.framework/Versions/A/Frameworks/vecLib.framework/Versions/A/libSparseBLAS.dylib
0x00007fff46697000 	/System/Library/PrivateFrameworks/GPUWrangler.framework/Versions/A/GPUWrangler
0x00007fff47e28000 	/System/Library/PrivateFrameworks/IOAccelerator.framework/Versions/A/IOAccelerator
0x00007fff47e33000 	/System/Library/PrivateFrameworks/IOPresentment.framework/Versions/A/IOPresentment
0x00007fff41ecd000 	/System/Library/PrivateFrameworks/DSExternalDisplay.framework/Versions/A/DSExternalDisplay
0x00007fff37593000 	/System/Library/Frameworks/OpenGL.framework/Versions/A/Libraries/libCoreFSCache.dylib
0x00007fff2f7e7000 	/System/Library/Frameworks/CoreVideo.framework/Versions/A/CoreVideo
0x00007fff47412000 	/System/Library/PrivateFrameworks/GraphVisualizer.framework/Versions/A/GraphVisualizer
0x00007fff32591000 	/System/Library/Frameworks/MetalPerformanceShaders.framework/Versions/A/MetalPerformanceShaders
0x00007fff5342a000 	/usr/lib/libFosl_dynamic.dylib
0x00007fff42fa1000 	/System/Library/PrivateFrameworks/FaceCore.framework/Versions/A/FaceCore
0x00007fff3638e000 	/System/Library/Frameworks/OpenCL.framework/Versions/A/OpenCL
0x00007fff53a2b000 	/usr/lib/libcompression.dylib
0x00007fff2c11c000 	/System/Library/Frameworks/ApplicationServices.framework/Versions/A/Frameworks/ATS.framework/Versions/A/Resources/libFontParser.dylib
0x00007fff2c23f000 	/System/Library/Frameworks/ApplicationServices.framework/Versions/A/Frameworks/ATS.framework/Versions/A/Resources/libFontRegistry.dylib
0x00007fff3072e000 	/System/Library/Frameworks/ImageIO.framework/Versions/A/Resources/libJPEG.dylib
0x00007fff30a57000 	/System/Library/Frameworks/ImageIO.framework/Versions/A/Resources/libTIFF.dylib
0x00007fff30a2d000 	/System/Library/Frameworks/ImageIO.framework/Versions/A/Resources/libPng.dylib
0x00007fff30641000 	/System/Library/Frameworks/ImageIO.framework/Versions/A/Resources/libGIF.dylib
0x00007fff30646000 	/System/Library/Frameworks/ImageIO.framework/Versions/A/Resources/libJP2.dylib
0x00007fff30a54000 	/System/Library/Frameworks/ImageIO.framework/Versions/A/Resources/libRadiance.dylib
0x00007fff3df2e000 	/System/Library/PrivateFrameworks/AppleJPEG.framework/Versions/A/AppleJPEG
0x00007fff323f8000 	/System/Library/Frameworks/MetalPerformanceShaders.framework/Frameworks/MPSCore.framework/Versions/A/MPSCore
0x00007fff32414000 	/System/Library/Frameworks/MetalPerformanceShaders.framework/Frameworks/MPSImage.framework/Versions/A/MPSImage
0x00007fff324a9000 	/System/Library/Frameworks/MetalPerformanceShaders.framework/Frameworks/MPSNeuralNetwork.framework/Versions/A/MPSNeuralNetwork
0x00007fff32484000 	/System/Library/Frameworks/MetalPerformanceShaders.framework/Frameworks/MPSMatrix.framework/Versions/A/MPSMatrix
0x00007fff49329000 	/System/Library/PrivateFrameworks/MetalTools.framework/Versions/A/MetalTools
0x00007fff3775e000 	/System/Library/Frameworks/OpenGL.framework/Versions/A/Libraries/libGLU.dylib
0x00007fff3759e000 	/System/Library/Frameworks/OpenGL.framework/Versions/A/Libraries/libGFXShared.dylib
0x00007fff375a8000 	/System/Library/Frameworks/OpenGL.framework/Versions/A/Libraries/libGL.dylib
0x00007fff375b4000 	/System/Library/Frameworks/OpenGL.framework/Versions/A/Libraries/libGLImage.dylib
0x00007fff37590000 	/System/Library/Frameworks/OpenGL.framework/Versions/A/Libraries/libCVMSPluginSupport.dylib
0x00007fff37599000 	/System/Library/Frameworks/OpenGL.framework/Versions/A/Libraries/libCoreVMClient.dylib
0x00007fff541d8000 	/usr/lib/libcups.2.dylib
0x00007fff3195f000 	/System/Library/Frameworks/Kerberos.framework/Versions/A/Kerberos
0x00007fff30125000 	/System/Library/Frameworks/GSS.framework/Versions/A/GSS
0x00007fff552dc000 	/usr/lib/libresolv.9.dylib
0x00007fff543d6000 	/usr/lib/libiconv.2.dylib
0x00007fff474a4000 	/System/Library/PrivateFrameworks/Heimdal.framework/Versions/A/Heimdal
0x00007fff543a5000 	/usr/lib/libheimdal-asn1.dylib
0x00007fff36406000 	/System/Library/Frameworks/OpenDirectory.framework/Versions/A/OpenDirectory
0x00007fff40244000 	/System/Library/PrivateFrameworks/CommonAuth.framework/Versions/A/CommonAuth
0x00007fff363e9000 	/System/Library/Frameworks/OpenDirectory.framework/Versions/A/Frameworks/CFOpenDirectory.framework/Versions/A/CFOpenDirectory
0x00007fff39d1f000 	/System/Library/Frameworks/SecurityFoundation.framework/Versions/A/SecurityFoundation
0x00007fff3d0f3000 	/System/Library/PrivateFrameworks/APFS.framework/Versions/A/APFS
0x00007fff55711000 	/usr/lib/libutil.dylib
0x00007fff3dfb1000 	/System/Library/PrivateFrameworks/AppleSauce.framework/Versions/A/AppleSauce
0x00007fff48610000 	/System/Library/PrivateFrameworks/LinguisticData.framework/Versions/A/LinguisticData
0x00007fff54758000 	/usr/lib/libmarisa.dylib
0x00007fff485ca000 	/System/Library/PrivateFrameworks/Lexicon.framework/Versions/A/Lexicon
0x00007fff53355000 	/usr/lib/libChineseTokenizer.dylib
0x00007fff53a1a000 	/usr/lib/libcmph.dylib
0x00007fff484d4000 	/System/Library/PrivateFrameworks/LanguageModeling.framework/Versions/A/LanguageModeling
0x00007fff40d53000 	/System/Library/PrivateFrameworks/CoreEmoji.framework/Versions/A/CoreEmoji
0x00007fff39ddd000 	/System/Library/Frameworks/ServiceManagement.framework/Versions/A/ServiceManagement
0x00007fff3e7fb000 	/System/Library/PrivateFrameworks/BackgroundTaskManagement.framework/Versions/A/BackgroundTaskManagement
0x00007fff5580e000 	/usr/lib/libxslt.1.dylib
0x00007fff2d1dd000 	/System/Library/Frameworks/Carbon.framework/Versions/A/Frameworks/Ink.framework/Versions/A/Ink
0x00007fff5169f000 	/System/Library/PrivateFrameworks/TextureIO.framework/Versions/A/TextureIO
0x00007fff5383f000 	/usr/lib/libate.dylib
0x00007fff41e2d000 	/System/Library/PrivateFrameworks/CrashReporterSupport.framework/Versions/A/CrashReporterSupport
0x00007fff4e9ef000 	/System/Library/PrivateFrameworks/Sharing.framework/Versions/A/Sharing
0x00007fff48215000 	/System/Library/PrivateFrameworks/IconServices.framework/Versions/A/IconServices
0x00007fff3e42b000 	/System/Library/PrivateFrameworks/AuthKit.framework/Versions/A/AuthKit
0x00007fff3ddb1000 	/System/Library/PrivateFrameworks/Apple80211.framework/Versions/A/Apple80211
0x00007fff41c42000 	/System/Library/PrivateFrameworks/CoreUtils.framework/Versions/A/CoreUtils
0x00007fff2f822000 	/System/Library/Frameworks/CoreWLAN.framework/Versions/A/CoreWLAN
0x00007fff30267000 	/System/Library/Frameworks/IOBluetooth.framework/Versions/A/IOBluetooth
0x00007fff4ceb8000 	/System/Library/PrivateFrameworks/ProtocolBuffer.framework/Versions/A/ProtocolBuffer
0x00007fff49512000 	/System/Library/PrivateFrameworks/MobileKeyBag.framework/Versions/A/MobileKeyBag
0x00007fff414f7000 	/System/Library/PrivateFrameworks/CorePhoneNumbers.framework/Versions/A/CorePhoneNumbers
0x00007fff3dee9000 	/System/Library/PrivateFrameworks/AppleIDAuthSupport.framework/Versions/A/AppleIDAuthSupport
0x00007fff484c0000 	/System/Library/PrivateFrameworks/KeychainCircle.framework/Versions/A/KeychainCircle
0x00007fff41dc8000 	/System/Library/PrivateFrameworks/CoreWiFi.framework/Versions/A/CoreWiFi
0x00007fff2d728000 	/System/Library/Frameworks/CoreBluetooth.framework/Versions/A/CoreBluetooth
0x00007fff42017000 	/System/Library/PrivateFrameworks/DebugSymbols.framework/Versions/A/DebugSymbols
0x00007fff419f8000 	/System/Library/PrivateFrameworks/CoreSymbolication.framework/Versions/A/CoreSymbolication
0x00007fff50e90000 	/System/Library/PrivateFrameworks/Symbolication.framework/Versions/A/Symbolication
0x00007fff3dddb000 	/System/Library/PrivateFrameworks/AppleFSCompression.framework/Versions/A/AppleFSCompression
0x00007fff502dd000 	/System/Library/PrivateFrameworks/SpeechRecognitionCore.framework/Versions/A/SpeechRecognitionCore
0x0000000110800000 	/Library/Java/JavaVirtualMachines/jdk1.8.0_181.jdk/Contents/Home/jre/lib/server/libjvm.dylib
0x00007fff555de000 	/usr/lib/libstdc++.6.0.9.dylib
0x000000010f66d000 	/Library/Java/JavaVirtualMachines/jdk1.8.0_181.jdk/Contents/Home/jre/lib/libverify.dylib
0x000000010f67b000 	/Library/Java/JavaVirtualMachines/jdk1.8.0_181.jdk/Contents/Home/jre/lib/libjava.dylib
0x000000010f6fb000 	/Library/Java/JavaVirtualMachines/jdk1.8.0_181.jdk/Contents/Home/jre/lib/libzip.dylib
0x0000000115818000 	/Library/Java/JavaVirtualMachines/jdk1.8.0_181.jdk/Contents/Home/jre/lib/libnet.dylib

VM Arguments:
jvm_args: -ea -Dfile.encoding=UTF-8 
java_command: org.eclipse.jdt.internal.junit.runner.RemoteTestRunner -version 3 -port 54087 -testLoaderClass org.eclipse.jdt.internal.junit4.runner.JUnit4TestLoader -loaderpluginname org.eclipse.jdt.junit4.runtime -test com.k2.JavaBuilder.BasicClassIOTests:basicClassWriterTest
java_class_path (initial): /Users/simon/eclipse-workspace/JavaBuilder/target/test-classes:/Users/simon/eclipse-workspace/JavaBuilder/target/classes:/Users/simon/git/Util/target/classes:/Users/simon/.m2/repository/com/google/guava/guava/23.6-jre/guava-23.6-jre.jar:/Users/simon/.m2/repository/com/google/code/findbugs/jsr305/1.3.9/jsr305-1.3.9.jar:/Users/simon/.m2/repository/org/checkerframework/checker-compat-qual/2.0.0/checker-compat-qual-2.0.0.jar:/Users/simon/.m2/repository/com/google/errorprone/error_prone_annotations/2.1.3/error_prone_annotations-2.1.3.jar:/Users/simon/.m2/repository/com/google/j2objc/j2objc-annotations/1.1/j2objc-annotations-1.1.jar:/Users/simon/.m2/repository/org/codehaus/mojo/animal-sniffer-annotations/1.14/animal-sniffer-annotations-1.14.jar:/Users/simon/.m2/repository/org/slf4j/slf4j-api/1.7.25/slf4j-api-1.7.25.jar:/Users/simon/.m2/repository/ch/qos/logback/logback-core/1.2.3/logback-core-1.2.3.jar:/Users/simon/.m2/repository/ch/qos/logback/logback-classic/1.2.3/logback-classic-1.2.3.jar:/Users/simon/.m2/repository/javax/persistence/javax.persistence-api/2.2/javax.persistence-api-2.2.jar:/Users/simon/.m2/repository/com/google/code/gson/gson/2.8.2/gson-2.8.2.jar:/Users/simon/.m2/repository/junit/junit/4.12/junit-4.12.jar:/Users/simon/.m2/repository/org/hamcrest/hamcrest-core/1.3/hamcrest-core-1.3.jar:/Users/simon/eclipse/jee-photon/Eclipse.app/Contents/Eclipse/configuration/org.eclipse.osgi/409/0/.cp:/Users/simon/eclipse/jee-photon/Eclipse.app/Contents/Eclipse/configuration/org.eclipse.osgi/408/0/.cp
Launcher Type: SUN_STANDARD

Environment Variables:
PATH=/usr/bin:/bin:/usr/sbin:/sbin
SHELL=/bin/bash

Signal Handlers:
SIGSEGV: [libjvm.dylib+0x5b6029], sa_mask[0]=11111111011111110111111111111111, sa_flags=SA_ONSTACK|SA_RESTART|SA_SIGINFO
SIGBUS: [libjvm.dylib+0x5b6029], sa_mask[0]=11111111011111110111111111111111, sa_flags=SA_RESTART|SA_SIGINFO
SIGFPE: [libjvm.dylib+0x48b934], sa_mask[0]=11111111011111110111111111111111, sa_flags=SA_RESTART|SA_SIGINFO
SIGPIPE: [libjvm.dylib+0x48b934], sa_mask[0]=11111111011111110111111111111111, sa_flags=SA_RESTART|SA_SIGINFO
SIGXFSZ: [libjvm.dylib+0x48b934], sa_mask[0]=11111111011111110111111111111111, sa_flags=SA_RESTART|SA_SIGINFO
SIGILL: [libjvm.dylib+0x48b934], sa_mask[0]=11111111011111110111111111111111, sa_flags=SA_RESTART|SA_SIGINFO
SIGUSR1: SIG_DFL, sa_mask[0]=00000000000000000000000000000000, sa_flags=none
SIGUSR2: [libjvm.dylib+0x48b452], sa_mask[0]=00100000000000000000000000000000, sa_flags=SA_RESTART|SA_SIGINFO
SIGHUP: [libjvm.dylib+0x489a1d], sa_mask[0]=11111111011111110111111111111111, sa_flags=SA_RESTART|SA_SIGINFO
SIGINT: [libjvm.dylib+0x489a1d], sa_mask[0]=11111111011111110111111111111111, sa_flags=SA_RESTART|SA_SIGINFO
SIGTERM: [libjvm.dylib+0x489a1d], sa_mask[0]=11111111011111110111111111111111, sa_flags=SA_RESTART|SA_SIGINFO
SIGQUIT: [libjvm.dylib+0x489a1d], sa_mask[0]=11111111011111110111111111111111, sa_flags=SA_RESTART|SA_SIGINFO


---------------  S Y S T E M  ---------------

OS:Bsduname:Darwin 17.7.0 Darwin Kernel Version 17.7.0: Thu Jun 21 22:53:14 PDT 2018; root:xnu-4570.71.2~1/RELEASE_X86_64 x86_64
rlimit: STACK 8192k, CORE 0k, NPROC 1418, NOFILE 10240, AS infinity
load average:1.49 1.69 1.67

CPU:total 8 (initial active 8) (4 cores per cpu, 2 threads per core) family 6 model 158 stepping 9, cmov, cx8, fxsr, mmx, sse, sse2, sse3, ssse3, sse4.1, sse4.2, popcnt, avx, avx2, aes, clmul, erms, 3dnowpref, lzcnt, ht, tsc, tscinvbit, bmi1, bmi2, adx

Memory: 4k page, physical 16777216k(1792232k free)

/proc/meminfo:


vm_info: Java HotSpot(TM) 64-Bit Server VM (25.181-b13) for bsd-amd64 JRE (1.8.0_181-b13), built on Jul  7 2018 01:02:31 by "java_re" with gcc 4.2.1 (Based on Apple Inc. build 5658) (LLVM build 2336.11.00)

time: Sat Aug 18 18:19:17 2018
elapsed time: 0 seconds (0d 0h 0m 0s)

